#
# A fatal error has been detected by the Java Runtime Environment:
#
#  EXCEPTION_ACCESS_VIOLATION (0xc0000005) at pc=0x00007ff8655e52e8, pid=6132, tid=0x0000000000001fac
#
# JRE version: Java(TM) SE Runtime Environment (8.0_144-b01) (build 1.8.0_144-b01)
# Java VM: Java HotSpot(TM) 64-Bit Server VM (25.144-b01 mixed mode windows-amd64 compressed oops)
# Problematic frame:
# C  [opencv_videoio341.dll+0x152e8]
#
# Failed to write core dump. Minidumps are not enabled by default on client versions of Windows
#
# If you would like to submit a bug report, please visit:
#   http://bugreport.java.com/bugreport/crash.jsp
# The crash happened outside the Java Virtual Machine in native code.
# See problematic frame for where to report the bug.
#

---------------  T H R E A D  ---------------

Current thread (0x000000001bb32000):  JavaThread "pool-6-thread-1" [_thread_in_native, id=8108, stack(0x0000000027f40000,0x0000000028040000)]

siginfo: ExceptionCode=0xc0000005, reading address 0xfffffffffffff97f

Registers:
RAX=0x0000000000000000, RBX=0x00007ff865618ff0, RCX=0xfffffffffffff97f, RDX=0x0000000020a3fa48
RSP=0x000000002803ede0, RBP=0x000000002803eee0, RSI=0x0000000000000000, RDI=0x0000000023d37760
R8 =0x0000000023d3791c, R9 =0x0000000000008000, R10=0x0000000020983a70, R11=0x000000002803edb0
R12=0x0000000023d37788, R13=0x0000000023d37790, R14=0x0000000000000000, R15=0x000000001bb32000
RIP=0x00007ff8655e52e8, EFLAGS=0x0000000000010246

Top of Stack: (sp=0x000000002803ede0)
0x000000002803ede0:   00007ff865618ff0 0000000000000000
0x000000002803edf0:   0000000023d37760 0000000000000000
0x000000002803ee00:   0000000023d3781c 000000002803f238
0x000000002803ee10:   0000000000000000 0000000020a3b098
0x000000002803ee20:   00000000282dec58 0000000023d58740
0x000000002803ee30:   000000001bb32000 000000002803f238
0x000000002803ee40:   0000000000000000 0000000000000000
0x000000002803ee50:   00000000282dec58 0000000023d58740
0x000000002803ee60:   00007ff865618ff0 00007ff88316984c
0x000000002803ee70:   0000000020983f40 0000000023d58740
0x000000002803ee80:   00007ff865618ff0 00007ff85be071a7
0x000000002803ee90:   0000000020983f40 00007ff85be04650
0x000000002803eea0:   0000000020983f40 0000000023d58740
0x000000002803eeb0:   0000000000000000 0000000000000000
0x000000002803eec0:   0000fe29acf0cec2 00007ff8655e24ca
0x000000002803eed0:   0000000000000003 00007ff865618ff0 

Instructions: (pc=0x00007ff8655e52e8)
0x00007ff8655e52c8:   00 e8 c2 ce ff ff 44 8b f0 85 c0 0f 88 48 05 00
0x00007ff8655e52d8:   00 49 8b 4d 00 4c 8d 87 bc 01 00 00 48 8b 57 40
0x00007ff8655e52e8:   48 8b 01 ff 50 18 48 8b 4f 28 48 8d 54 24 68 4c
0x00007ff8655e52f8:   8b 4f 40 4c 8d 05 8e 75 01 00 48 89 54 24 28 48 


Register to memory mapping:

RAX=0x0000000000000000 is an unknown value
RBX=0x00007ff865618ff0 is an unknown value
RCX=0xfffffffffffff97f is an unknown value
RDX=0x0000000020a3fa48 is an unknown value
RSP=0x000000002803ede0 is pointing into the stack for thread: 0x000000001bb32000
RBP=0x000000002803eee0 is pointing into the stack for thread: 0x000000001bb32000
RSI=0x0000000000000000 is an unknown value
RDI=0x0000000023d37760 is an unknown value
R8 =0x0000000023d3791c is an unknown value
R9 =0x0000000000008000 is an unknown value
R10=0x0000000020983a70 is an unknown value
R11=0x000000002803edb0 is pointing into the stack for thread: 0x000000001bb32000
R12=0x0000000023d37788 is an unknown value
R13=0x0000000023d37790 is an unknown value
R14=0x0000000000000000 is an unknown value
R15=0x000000001bb32000 is a thread


Stack: [0x0000000027f40000,0x0000000028040000],  sp=0x000000002803ede0,  free space=1019k
Native frames: (J=compiled Java code, j=interpreted, Vv=VM code, C=native code)
C  [opencv_videoio341.dll+0x152e8]
C  [opencv_videoio341.dll+0x137ac]
C  [opencv_videoio341.dll+0x10deb]
C  [opencv_videoio341.dll+0x1377]
C  [opencv_videoio341.dll+0x256c]
C  [opencv_videoio341.dll+0x322d]
C  [opencv_videoio341.dll+0x1819]
C  [jniopencv_videoio.dll+0x6a10]
C  0x0000000004807f74

Java frames: (J=compiled Java code, j=interpreted, Vv=VM code)
j  org.bytedeco.javacpp.opencv_videoio$VideoCapture.allocate(I)V+0
j  org.bytedeco.javacpp.opencv_videoio$VideoCapture.<init>(I)V+10
j  org.bytedeco.javacv.OpenCVFrameGrabber.start()V+44
j  webcam.WebCamManipulation.getWebCamImage()Lorg/bytedeco/javacpp/opencv_core$IplImage;+19
j  client.WebCamClient.run()V+19
j  java.util.concurrent.ThreadPoolExecutor.runWorker(Ljava/util/concurrent/ThreadPoolExecutor$Worker;)V+95
j  java.util.concurrent.ThreadPoolExecutor$Worker.run()V+5
j  java.lang.Thread.run()V+11
v  ~StubRoutines::call_stub

---------------  P R O C E S S  ---------------

Java Threads: ( => current thread )
  0x000000001bb35000 JavaThread "JavaCPP Deallocator" daemon [_thread_blocked, id=9440, stack(0x0000000028340000,0x0000000028440000)]
  0x000000001bb33000 JavaThread "pool-6-thread-2" [_thread_in_native, id=7576, stack(0x0000000028040000,0x0000000028140000)]
=>0x000000001bb32000 JavaThread "pool-6-thread-1" [_thread_in_native, id=8108, stack(0x0000000027f40000,0x0000000028040000)]
  0x000000001babe000 JavaThread "pool-4-thread-1" [_thread_in_native, id=11380, stack(0x0000000027e40000,0x0000000027f40000)]
  0x000000001babd800 JavaThread "pool-3-thread-1" [_thread_in_native, id=9432, stack(0x0000000027d40000,0x0000000027e40000)]
  0x000000001b723000 JavaThread "Prism Font Disposer" daemon [_thread_blocked, id=2280, stack(0x0000000022de0000,0x0000000022ee0000)]
  0x000000001b4cf000 JavaThread "Thread-3" daemon [_thread_in_native, id=8280, stack(0x0000000020570000,0x0000000020670000)]
  0x000000001b444800 JavaThread "JavaFX-Launcher" [_thread_blocked, id=1712, stack(0x0000000020670000,0x0000000020770000)]
  0x000000001b426800 JavaThread "JavaFX Application Thread" [_thread_in_native, id=11736, stack(0x000000001bee0000,0x000000001bfe0000)]
  0x000000001b421800 JavaThread "Thread-1" daemon [_thread_blocked, id=11304, stack(0x000000001bde0000,0x000000001bee0000)]
  0x000000001b0b7800 JavaThread "QuantumRenderer-0" daemon [_thread_blocked, id=5692, stack(0x000000001bc10000,0x000000001bd10000)]
  0x00000000193be800 JavaThread "Service Thread" daemon [_thread_blocked, id=9072, stack(0x000000001b0d0000,0x000000001b1d0000)]
  0x000000001938e800 JavaThread "C1 CompilerThread2" daemon [_thread_blocked, id=11252, stack(0x000000001abd0000,0x000000001acd0000)]
  0x0000000019369000 JavaThread "C2 CompilerThread1" daemon [_thread_blocked, id=3444, stack(0x000000001aad0000,0x000000001abd0000)]
  0x0000000019361800 JavaThread "C2 CompilerThread0" daemon [_thread_blocked, id=5424, stack(0x000000001a9d0000,0x000000001aad0000)]
  0x0000000019360800 JavaThread "Attach Listener" daemon [_thread_blocked, id=1396, stack(0x000000001a8d0000,0x000000001a9d0000)]
  0x000000001935d000 JavaThread "Signal Dispatcher" daemon [_thread_blocked, id=2668, stack(0x000000001a7d0000,0x000000001a8d0000)]
  0x000000001934a800 JavaThread "Finalizer" daemon [_thread_blocked, id=5324, stack(0x000000001a5d0000,0x000000001a6d0000)]
  0x00000000047e1000 JavaThread "Reference Handler" daemon [_thread_blocked, id=11044, stack(0x000000001a4d0000,0x000000001a5d0000)]
  0x00000000046ed800 JavaThread "main" [_thread_blocked, id=1984, stack(0x0000000004500000,0x0000000004600000)]

Other Threads:
  0x0000000019327800 VMThread [stack: 0x000000001a3d0000,0x000000001a4d0000] [id=8156]
  0x000000001acf4800 WatcherThread [stack: 0x000000001b310000,0x000000001b410000] [id=4324]

VM state:not at safepoint (normal execution)

VM Mutex/Monitor currently owned by a thread: None

Heap:
 PSYoungGen      total 38400K, used 19305K [0x00000000d5c00000, 0x00000000da700000, 0x0000000100000000)
  eden space 33280K, 58% used [0x00000000d5c00000,0x00000000d6eda5c0,0x00000000d7c80000)
  from space 5120K, 0% used [0x00000000d7c80000,0x00000000d7c80000,0x00000000d8180000)
  to   space 5120K, 0% used [0x00000000da200000,0x00000000da200000,0x00000000da700000)
 ParOldGen       total 77824K, used 15948K [0x0000000081400000, 0x0000000086000000, 0x00000000d5c00000)
  object space 77824K, 20% used [0x0000000081400000,0x00000000823931b8,0x0000000086000000)
 Metaspace       used 20818K, capacity 21814K, committed 22064K, reserved 1069056K
  class space    used 2873K, capacity 3114K, committed 3120K, reserved 1048576K

Card table byte_map: [0x0000000013bb0000,0x0000000013fb0000] byte_map_base: 0x00000000137a6000

Marking Bits: (ParMarkBitMap*) 0x000000006289d850
 Begin Bits: [0x0000000014660000, 0x0000000016610000)
 End Bits:   [0x0000000016610000, 0x00000000185c0000)

Polling page: 0x0000000004400000

CodeCache: size=245760Kb used=7766Kb max_used=7766Kb free=237993Kb
 bounds [0x00000000047f0000, 0x0000000004f90000, 0x00000000137f0000]
 total_blobs=3027 nmethods=2256 adapters=682
 compilation: enabled

Compilation events (10 events):
Event: 4.143 Thread 0x000000001938e800 2237   !   3       java.nio.file.Files::isSymbolicLink (25 bytes)
Event: 4.144 Thread 0x000000001938e800 nmethod 2237 0x0000000004f6de10 code [0x0000000004f6dfe0, 0x0000000004f6e728]
Event: 4.144 Thread 0x000000001938e800 2238       3       java.nio.file.Files::readAttributes (11 bytes)
Event: 4.144 Thread 0x000000001938e800 nmethod 2238 0x0000000004f6d6d0 code [0x0000000004f6d860, 0x0000000004f6dc48]
Event: 4.144 Thread 0x000000001938e800 2239       3       sun.nio.fs.WindowsFileSystemProvider::readAttributes (63 bytes)
Event: 4.144 Thread 0x000000001938e800 nmethod 2239 0x0000000004f7d090 code [0x0000000004f7d260, 0x0000000004f7d898]
Event: 4.147 Thread 0x000000001938e800 2240       3       org.bytedeco.javacpp.tools.Logger::isDebugEnabled (4 bytes)
Event: 4.147 Thread 0x000000001938e800 nmethod 2240 0x0000000004f7dad0 code [0x0000000004f7dc20, 0x0000000004f7dd90]
Event: 4.175 Thread 0x000000001938e800 2241       3       javafx.scene.Node::buildEventDispatchChain (100 bytes)
Event: 4.177 Thread 0x000000001938e800 nmethod 2241 0x0000000004f7de10 code [0x0000000004f7e0c0, 0x0000000004f7f868]

GC Heap History (8 events):
Event: 1.053 GC heap before
{Heap before GC invocations=1 (full 0):
 PSYoungGen      total 38400K, used 33280K [0x00000000d5c00000, 0x00000000d8680000, 0x0000000100000000)
  eden space 33280K, 100% used [0x00000000d5c00000,0x00000000d7c80000,0x00000000d7c80000)
  from space 5120K, 0% used [0x00000000d8180000,0x00000000d8180000,0x00000000d8680000)
  to   space 5120K, 0% used [0x00000000d7c80000,0x00000000d7c80000,0x00000000d8180000)
 ParOldGen       total 87552K, used 0K [0x0000000081400000, 0x0000000086980000, 0x00000000d5c00000)
  object space 87552K, 0% used [0x0000000081400000,0x0000000081400000,0x0000000086980000)
 Metaspace       used 13892K, capacity 14354K, committed 14464K, reserved 1060864K
  class space    used 1984K, capacity 2141K, committed 2176K, reserved 1048576K
Event: 1.059 GC heap after
Heap after GC invocations=1 (full 0):
 PSYoungGen      total 38400K, used 5110K [0x00000000d5c00000, 0x00000000d8680000, 0x0000000100000000)
  eden space 33280K, 0% used [0x00000000d5c00000,0x00000000d5c00000,0x00000000d7c80000)
  from space 5120K, 99% used [0x00000000d7c80000,0x00000000d817d8a0,0x00000000d8180000)
  to   space 5120K, 0% used [0x00000000d8180000,0x00000000d8180000,0x00000000d8680000)
 ParOldGen       total 87552K, used 1850K [0x0000000081400000, 0x0000000086980000, 0x00000000d5c00000)
  object space 87552K, 2% used [0x0000000081400000,0x00000000815ce820,0x0000000086980000)
 Metaspace       used 13892K, capacity 14354K, committed 14464K, reserved 1060864K
  class space    used 1984K, capacity 2141K, committed 2176K, reserved 1048576K
}
Event: 2.965 GC heap before
{Heap before GC invocations=2 (full 0):
 PSYoungGen      total 38400K, used 38390K [0x00000000d5c00000, 0x00000000d8680000, 0x0000000100000000)
  eden space 33280K, 100% used [0x00000000d5c00000,0x00000000d7c80000,0x00000000d7c80000)
  from space 5120K, 99% used [0x00000000d7c80000,0x00000000d817d8a0,0x00000000d8180000)
  to   space 5120K, 0% used [0x00000000d8180000,0x00000000d8180000,0x00000000d8680000)
 ParOldGen       total 87552K, used 1850K [0x0000000081400000, 0x0000000086980000, 0x00000000d5c00000)
  object space 87552K, 2% used [0x0000000081400000,0x00000000815ce820,0x0000000086980000)
 Metaspace       used 19580K, capacity 20528K, committed 20736K, reserved 1067008K
  class space    used 2742K, capacity 2985K, committed 3072K, reserved 1048576K
Event: 2.985 GC heap after
Heap after GC invocations=2 (full 0):
 PSYoungGen      total 38400K, used 5118K [0x00000000d5c00000, 0x00000000d8680000, 0x0000000100000000)
  eden space 33280K, 0% used [0x00000000d5c00000,0x00000000d5c00000,0x00000000d7c80000)
  from space 5120K, 99% used [0x00000000d8180000,0x00000000d867fba8,0x00000000d8680000)
  to   space 5120K, 0% used [0x00000000d7c80000,0x00000000d7c80000,0x00000000d8180000)
 ParOldGen       total 87552K, used 13242K [0x0000000081400000, 0x0000000086980000, 0x00000000d5c00000)
  object space 87552K, 15% used [0x0000000081400000,0x00000000820ee910,0x0000000086980000)
 Metaspace       used 19580K, capacity 20528K, committed 20736K, reserved 1067008K
  class space    used 2742K, capacity 2985K, committed 3072K, reserved 1048576K
}
Event: 3.521 GC heap before
{Heap before GC invocations=3 (full 0):
 PSYoungGen      total 38400K, used 20238K [0x00000000d5c00000, 0x00000000d8680000, 0x0000000100000000)
  eden space 33280K, 45% used [0x00000000d5c00000,0x00000000d6ac3d18,0x00000000d7c80000)
  from space 5120K, 99% used [0x00000000d8180000,0x00000000d867fba8,0x00000000d8680000)
  to   space 5120K, 0% used [0x00000000d7c80000,0x00000000d7c80000,0x00000000d8180000)
 ParOldGen       total 87552K, used 13242K [0x0000000081400000, 0x0000000086980000, 0x00000000d5c00000)
  object space 87552K, 15% used [0x0000000081400000,0x00000000820ee910,0x0000000086980000)
 Metaspace       used 20243K, capacity 21200K, committed 21296K, reserved 1067008K
  class space    used 2850K, capacity 3081K, committed 3120K, reserved 1048576K
Event: 3.531 GC heap after
Heap after GC invocations=3 (full 0):
 PSYoungGen      total 38400K, used 5102K [0x00000000d5c00000, 0x00000000da700000, 0x0000000100000000)
  eden space 33280K, 0% used [0x00000000d5c00000,0x00000000d5c00000,0x00000000d7c80000)
  from space 5120K, 99% used [0x00000000d7c80000,0x00000000d817bb78,0x00000000d8180000)
  to   space 5120K, 0% used [0x00000000da200000,0x00000000da200000,0x00000000da700000)
 ParOldGen       total 87552K, used 13837K [0x0000000081400000, 0x0000000086980000, 0x00000000d5c00000)
  object space 87552K, 15% used [0x0000000081400000,0x0000000082183540,0x0000000086980000)
 Metaspace       used 20243K, capacity 21200K, committed 21296K, reserved 1067008K
  class space    used 2850K, capacity 3081K, committed 3120K, reserved 1048576K
}
Event: 3.531 GC heap before
{Heap before GC invocations=4 (full 1):
 PSYoungGen      total 38400K, used 5102K [0x00000000d5c00000, 0x00000000da700000, 0x0000000100000000)
  eden space 33280K, 0% used [0x00000000d5c00000,0x00000000d5c00000,0x00000000d7c80000)
  from space 5120K, 99% used [0x00000000d7c80000,0x00000000d817bb78,0x00000000d8180000)
  to   space 5120K, 0% used [0x00000000da200000,0x00000000da200000,0x00000000da700000)
 ParOldGen       total 87552K, used 13837K [0x0000000081400000, 0x0000000086980000, 0x00000000d5c00000)
  object space 87552K, 15% used [0x0000000081400000,0x0000000082183540,0x0000000086980000)
 Metaspace       used 20243K, capacity 21200K, committed 21296K, reserved 1067008K
  class space    used 2850K, capacity 3081K, committed 3120K, reserved 1048576K
Event: 3.560 GC heap after
Heap after GC invocations=4 (full 1):
 PSYoungGen      total 38400K, used 0K [0x00000000d5c00000, 0x00000000da700000, 0x0000000100000000)
  eden space 33280K, 0% used [0x00000000d5c00000,0x00000000d5c00000,0x00000000d7c80000)
  from space 5120K, 0% used [0x00000000d7c80000,0x00000000d7c80000,0x00000000d8180000)
  to   space 5120K, 0% used [0x00000000da200000,0x00000000da200000,0x00000000da700000)
 ParOldGen       total 77824K, used 15948K [0x0000000081400000, 0x0000000086000000, 0x00000000d5c00000)
  object space 77824K, 20% used [0x0000000081400000,0x00000000823931b8,0x0000000086000000)
 Metaspace       used 20243K, capacity 21200K, committed 21296K, reserved 1067008K
  class space    used 2850K, capacity 3081K, committed 3120K, reserved 1048576K
}

Deoptimization events (10 events):
Event: 2.514 Thread 0x000000001bb33000 Uncommon trap: reason=class_check action=maybe_recompile pc=0x0000000004c6f564 method=java.util.HashMap.putVal(ILjava/lang/Object;Ljava/lang/Object;ZZ)Ljava/lang/Object; @ 203
Event: 2.518 Thread 0x000000001bb33000 Uncommon trap: reason=class_check action=maybe_recompile pc=0x0000000004c6f508 method=java.util.HashMap.putVal(ILjava/lang/Object;Ljava/lang/Object;ZZ)Ljava/lang/Object; @ 253
Event: 2.518 Thread 0x000000001bb33000 Uncommon trap: reason=class_check action=maybe_recompile pc=0x0000000004c6f508 method=java.util.HashMap.putVal(ILjava/lang/Object;Ljava/lang/Object;ZZ)Ljava/lang/Object; @ 253
Event: 2.518 Thread 0x000000001bb33000 Uncommon trap: reason=class_check action=maybe_recompile pc=0x0000000004c61ff0 method=java.util.HashMap.putVal(ILjava/lang/Object;Ljava/lang/Object;ZZ)Ljava/lang/Object; @ 253
Event: 2.589 Thread 0x000000001bb33000 Uncommon trap: reason=unstable_if action=reinterpret pc=0x0000000004b3eac0 method=java.lang.String.lastIndexOf([CII[CIII)I @ 118
Event: 2.591 Thread 0x000000001b426800 Uncommon trap: reason=unstable_if action=reinterpret pc=0x0000000004d477d4 method=java.io.ByteArrayInputStream.read()I @ 8
Event: 2.607 Thread 0x000000001bb33000 Uncommon trap: reason=unstable_if action=reinterpret pc=0x0000000004b3f4a4 method=java.lang.String.lastIndexOf([CII[CIII)I @ 118
Event: 3.564 Thread 0x000000001bb32000 Uncommon trap: reason=bimorphic action=maybe_recompile pc=0x0000000004d952f8 method=java.util.HashMap.putVal(ILjava/lang/Object;Ljava/lang/Object;ZZ)Ljava/lang/Object; @ 203
Event: 3.566 Thread 0x000000001bb32000 Uncommon trap: reason=bimorphic action=maybe_recompile pc=0x0000000004d952f8 method=java.util.HashMap.putVal(ILjava/lang/Object;Ljava/lang/Object;ZZ)Ljava/lang/Object; @ 203
Event: 3.567 Thread 0x000000001bb32000 Uncommon trap: reason=bimorphic action=maybe_recompile pc=0x0000000004d952f8 method=java.util.HashMap.putVal(ILjava/lang/Object;Ljava/lang/Object;ZZ)Ljava/lang/Object; @ 203

Internal exceptions (10 events):
Event: 4.149 Thread 0x000000001bb32000 Exception <a 'sun/nio/fs/WindowsException'> (0x00000000d6ddc860) thrown at [C:\re\workspace\8-2-build-windows-amd64-cygwin\jdk8u144\9417\hotspot\src\share\vm\prims\jni.cpp, line 709]
Event: 4.150 Thread 0x000000001bb32000 Exception <a 'sun/nio/fs/WindowsException'> (0x00000000d6ddd9d8) thrown at [C:\re\workspace\8-2-build-windows-amd64-cygwin\jdk8u144\9417\hotspot\src\share\vm\prims\jni.cpp, line 709]
Event: 4.151 Thread 0x000000001bb32000 Exception <a 'sun/nio/fs/WindowsException'> (0x00000000d6e59000) thrown at [C:\re\workspace\8-2-build-windows-amd64-cygwin\jdk8u144\9417\hotspot\src\share\vm\prims\jni.cpp, line 709]
Event: 4.152 Thread 0x000000001bb32000 Exception <a 'sun/nio/fs/WindowsException'> (0x00000000d6e5a1a0) thrown at [C:\re\workspace\8-2-build-windows-amd64-cygwin\jdk8u144\9417\hotspot\src\share\vm\prims\jni.cpp, line 709]
Event: 4.153 Thread 0x000000001bb32000 Exception <a 'sun/nio/fs/WindowsException'> (0x00000000d6e5b390) thrown at [C:\re\workspace\8-2-build-windows-amd64-cygwin\jdk8u144\9417\hotspot\src\share\vm\prims\jni.cpp, line 709]
Event: 4.154 Thread 0x000000001bb32000 Exception <a 'sun/nio/fs/WindowsException'> (0x00000000d6e5c508) thrown at [C:\re\workspace\8-2-build-windows-amd64-cygwin\jdk8u144\9417\hotspot\src\share\vm\prims\jni.cpp, line 709]
Event: 4.155 Thread 0x000000001bb32000 Exception <a 'sun/nio/fs/WindowsException'> (0x00000000d6e5d6f0) thrown at [C:\re\workspace\8-2-build-windows-amd64-cygwin\jdk8u144\9417\hotspot\src\share\vm\prims\jni.cpp, line 709]
Event: 4.155 Thread 0x000000001bb32000 Exception <a 'sun/nio/fs/WindowsException'> (0x00000000d6e5e890) thrown at [C:\re\workspace\8-2-build-windows-amd64-cygwin\jdk8u144\9417\hotspot\src\share\vm\prims\jni.cpp, line 709]
Event: 4.156 Thread 0x000000001bb32000 Exception <a 'sun/nio/fs/WindowsException'> (0x00000000d6e5fa58) thrown at [C:\re\workspace\8-2-build-windows-amd64-cygwin\jdk8u144\9417\hotspot\src\share\vm\prims\jni.cpp, line 709]
Event: 4.157 Thread 0x000000001bb32000 Exception <a 'sun/nio/fs/WindowsException'> (0x00000000d6e60888) thrown at [C:\re\workspace\8-2-build-windows-amd64-cygwin\jdk8u144\9417\hotspot\src\share\vm\prims\jni.cpp, line 709]

Events (10 events):
Event: 3.711 loading class org/bytedeco/javacpp/helper/opencv_imgcodecs
Event: 3.711 loading class org/bytedeco/javacpp/helper/opencv_imgcodecs done
Event: 3.985 Thread 0x000000001bb32000 DEOPT PACKING pc=0x0000000004e869e4 sp=0x000000002803dba0
Event: 3.985 Thread 0x000000001bb32000 DEOPT UNPACKING pc=0x000000000483787f sp=0x000000002803da58 mode 0
Event: 3.996 loading class org/bytedeco/javacpp/opencv_videoio$CvCapture
Event: 3.996 loading class org/bytedeco/javacpp/opencv_videoio$CvCapture done
Event: 3.996 loading class org/bytedeco/javacpp/opencv_videoio$CvVideoWriter
Event: 3.996 loading class org/bytedeco/javacpp/opencv_videoio$CvVideoWriter done
Event: 4.141 Executing VM operation: EnableBiasedLocking
Event: 4.141 Executing VM operation: EnableBiasedLocking done


Dynamic libraries:
0x00007ff6e78d0000 - 0x00007ff6e7907000 	C:\Program Files\Java\jre1.8.0_144\bin\javaw.exe
0x00007ff885c80000 - 0x00007ff885e60000 	C:\WINDOWS\SYSTEM32\ntdll.dll
0x00007ff883680000 - 0x00007ff88372e000 	C:\WINDOWS\System32\KERNEL32.DLL
0x00007ff882640000 - 0x00007ff8828a6000 	C:\WINDOWS\System32\KERNELBASE.dll
0x00007ff885760000 - 0x00007ff885801000 	C:\WINDOWS\System32\ADVAPI32.dll
0x00007ff883150000 - 0x00007ff8831ed000 	C:\WINDOWS\System32\msvcrt.dll
0x00007ff883790000 - 0x00007ff8837eb000 	C:\WINDOWS\System32\sechost.dll
0x00007ff885810000 - 0x00007ff88592f000 	C:\WINDOWS\System32\RPCRT4.dll
0x00007ff8837f0000 - 0x00007ff88397f000 	C:\WINDOWS\System32\USER32.dll
0x00007ff883000000 - 0x00007ff883020000 	C:\WINDOWS\System32\win32u.dll
0x00007ff8852f0000 - 0x00007ff885318000 	C:\WINDOWS\System32\GDI32.dll
0x00007ff882180000 - 0x00007ff882313000 	C:\WINDOWS\System32\gdi32full.dll
0x00007ff882380000 - 0x00007ff88241b000 	C:\WINDOWS\System32\msvcp_win.dll
0x00007ff882080000 - 0x00007ff882176000 	C:\WINDOWS\System32\ucrtbase.dll
0x00007ff866900000 - 0x00007ff866b69000 	C:\WINDOWS\WinSxS\amd64_microsoft.windows.common-controls_6595b64144ccf1df_6.0.16299.431_none_15c7d3ee93659e73\COMCTL32.dll
0x00007ff885450000 - 0x00007ff885758000 	C:\WINDOWS\System32\combase.dll
0x00007ff883020000 - 0x00007ff883092000 	C:\WINDOWS\System32\bcryptPrimitives.dll
0x00007ff885260000 - 0x00007ff88528d000 	C:\WINDOWS\System32\IMM32.DLL
0x0000000062e80000 - 0x0000000062f52000 	C:\Program Files\Java\jre1.8.0_144\bin\msvcr100.dll
0x0000000062080000 - 0x000000006291d000 	C:\Program Files\Java\jre1.8.0_144\bin\server\jvm.dll
0x00007ff885250000 - 0x00007ff885258000 	C:\WINDOWS\System32\PSAPI.DLL
0x00007ff879c80000 - 0x00007ff879ca3000 	C:\WINDOWS\SYSTEM32\WINMM.dll
0x00007ff8788d0000 - 0x00007ff8788d9000 	C:\WINDOWS\SYSTEM32\WSOCK32.dll
0x00007ff8760c0000 - 0x00007ff8760ca000 	C:\WINDOWS\SYSTEM32\VERSION.dll
0x00007ff885ad0000 - 0x00007ff885b3c000 	C:\WINDOWS\System32\WS2_32.dll
0x00007ff879c50000 - 0x00007ff879c7a000 	C:\WINDOWS\SYSTEM32\winmmbase.dll
0x00007ff882420000 - 0x00007ff88246a000 	C:\WINDOWS\System32\cfgmgr32.dll
0x0000000063a90000 - 0x0000000063a9f000 	C:\Program Files\Java\jre1.8.0_144\bin\verify.dll
0x0000000062ff0000 - 0x0000000063019000 	C:\Program Files\Java\jre1.8.0_144\bin\java.dll
0x0000000062fd0000 - 0x0000000062fe6000 	C:\Program Files\Java\jre1.8.0_144\bin\zip.dll
0x00007ff883dd0000 - 0x00007ff885208000 	C:\WINDOWS\System32\SHELL32.dll
0x00007ff883270000 - 0x00007ff883316000 	C:\WINDOWS\System32\shcore.dll
0x00007ff8828b0000 - 0x00007ff882ff7000 	C:\WINDOWS\System32\windows.storage.dll
0x00007ff883730000 - 0x00007ff883781000 	C:\WINDOWS\System32\shlwapi.dll
0x00007ff881fd0000 - 0x00007ff881fe1000 	C:\WINDOWS\System32\kernel.appcore.dll
0x00007ff882030000 - 0x00007ff88207c000 	C:\WINDOWS\System32\powrprof.dll
0x00007ff882010000 - 0x00007ff88202b000 	C:\WINDOWS\System32\profapi.dll
0x00007ff85adf0000 - 0x00007ff85aedf000 	C:\Program Files\Java\jre1.8.0_144\bin\msvcr120.dll
0x00007ff85b2b0000 - 0x00007ff85b356000 	C:\Program Files\Java\jre1.8.0_144\bin\msvcp120.dll
0x0000000062e50000 - 0x0000000062e72000 	C:\Program Files\Java\jre1.8.0_144\bin\prism_d3d.dll
0x00007ff854630000 - 0x00007ff8547c5000 	C:\WINDOWS\system32\d3d9.dll
0x00007ff880490000 - 0x00007ff8804ba000 	C:\WINDOWS\SYSTEM32\dwmapi.dll
0x00007ff880260000 - 0x00007ff8802f5000 	C:\WINDOWS\system32\uxtheme.dll
0x00007ff841050000 - 0x00007ff84358e000 	C:\WINDOWS\SYSTEM32\igdumdim64.dll
0x00007ff885380000 - 0x00007ff885445000 	C:\WINDOWS\System32\OLEAUT32.dll
0x00007ff883320000 - 0x00007ff883469000 	C:\WINDOWS\System32\ole32.dll
0x00007ff883980000 - 0x00007ff883dce000 	C:\WINDOWS\System32\SETUPAPI.dll
0x0000000062030000 - 0x0000000062073000 	C:\Program Files\Java\jre1.8.0_144\bin\glass.dll
0x00007ff885b40000 - 0x00007ff885c4a000 	C:\WINDOWS\System32\COMDLG32.dll
0x00007ff883510000 - 0x00007ff883677000 	C:\WINDOWS\System32\MSCTF.dll
0x00007ff8687d0000 - 0x00007ff869210000 	C:\WINDOWS\SYSTEM32\igdusc64.dll
0x0000000062e30000 - 0x0000000062e44000 	C:\Program Files\Java\jre1.8.0_144\bin\javafx_font.dll
0x00007ff876d90000 - 0x00007ff8770a0000 	C:\WINDOWS\SYSTEM32\dwrite.dll
0x00007ff883470000 - 0x00007ff88350e000 	C:\WINDOWS\System32\clbcatq.dll
0x00007ff876810000 - 0x00007ff8769bb000 	C:\WINDOWS\SYSTEM32\WindowsCodecs.dll
0x00007ff8665b0000 - 0x00007ff8665ff000 	C:\WINDOWS\system32\dataexchange.dll
0x00007ff87edb0000 - 0x00007ff87eef2000 	C:\WINDOWS\system32\dcomp.dll
0x00007ff87f330000 - 0x00007ff87f612000 	C:\WINDOWS\system32\d3d11.dll
0x00007ff880e30000 - 0x00007ff880edf000 	C:\WINDOWS\system32\dxgi.dll
0x00007ff8805e0000 - 0x00007ff88075b000 	C:\WINDOWS\system32\twinapi.appcore.dll
0x00007ff8805c0000 - 0x00007ff8805e0000 	C:\WINDOWS\system32\RMCLIENT.dll
0x00007ff881b30000 - 0x00007ff881b55000 	C:\WINDOWS\system32\bcrypt.dll
0x00007ff86aa10000 - 0x00007ff86aa44000 	C:\Program Files\Common Files\Microsoft Shared\Ink\rtscom.dll
0x00007ff86a460000 - 0x00007ff86a4f8000 	C:\WINDOWS\System32\TextInputFramework.dll
0x00007ff86a170000 - 0x00007ff86a45e000 	C:\WINDOWS\System32\CoreUIComponents.dll
0x00007ff881130000 - 0x00007ff881161000 	C:\WINDOWS\SYSTEM32\ntmarta.dll
0x00007ff87f620000 - 0x00007ff87f6fc000 	C:\WINDOWS\System32\CoreMessaging.dll
0x00007ff87e310000 - 0x00007ff87e446000 	C:\WINDOWS\SYSTEM32\wintypes.dll
0x0000000062d40000 - 0x0000000062d63000 	C:\Program Files\Java\jre1.8.0_144\bin\javafx_iio.dll
0x0000000062010000 - 0x0000000062021000 	C:\Program Files\Java\jre1.8.0_144\bin\prism_common.dll
0x0000000062fb0000 - 0x0000000062fca000 	C:\Program Files\Java\jre1.8.0_144\bin\net.dll
0x00007ff881800000 - 0x00007ff881866000 	C:\WINDOWS\system32\mswsock.dll
0x00007ff8815d0000 - 0x00007ff881686000 	C:\WINDOWS\SYSTEM32\DNSAPI.dll
0x00007ff885240000 - 0x00007ff885248000 	C:\WINDOWS\System32\NSI.dll
0x00007ff881590000 - 0x00007ff8815c9000 	C:\WINDOWS\SYSTEM32\IPHLPAPI.DLL
0x00007ff87b7d0000 - 0x00007ff87b7da000 	C:\Windows\System32\rasadhlp.dll
0x00007ff87bb50000 - 0x00007ff87bbc0000 	C:\WINDOWS\System32\fwpuclnt.dll
0x00007ff867100000 - 0x00007ff867151000 	C:\Users\user\.javacpp\cache\librealsense-windows-x86_64.jar\org\bytedeco\javacpp\windows-x86_64\concrt140.dll
0x00007ff85ad50000 - 0x00007ff85adef000 	C:\WINDOWS\SYSTEM32\MSVCP140.dll
0x00007ff866020000 - 0x00007ff866036000 	C:\WINDOWS\SYSTEM32\VCRUNTIME140.dll
0x0000000062f90000 - 0x0000000062fa1000 	C:\Program Files\Java\jre1.8.0_144\bin\nio.dll
0x00007ff85acb0000 - 0x00007ff85ad4d000 	C:\Users\user\.javacpp\cache\librealsense-windows-x86_64.jar\org\bytedeco\javacpp\windows-x86_64\msvcp140.dll
0x00007ff865c00000 - 0x00007ff865c17000 	C:\Users\user\.javacpp\cache\librealsense-windows-x86_64.jar\org\bytedeco\javacpp\windows-x86_64\vcruntime140.dll
0x0000000021510000 - 0x0000000021513000 	C:\Users\user\.javacpp\cache\librealsense-windows-x86_64.jar\org\bytedeco\javacpp\windows-x86_64\api-ms-win-crt-locale-l1-1-0.dll
0x0000000028440000 - 0x0000000028444000 	C:\Users\user\.javacpp\cache\librealsense-windows-x86_64.jar\org\bytedeco\javacpp\windows-x86_64\api-ms-win-crt-string-l1-1-0.dll
0x0000000028450000 - 0x0000000028454000 	C:\Users\user\.javacpp\cache\librealsense-windows-x86_64.jar\org\bytedeco\javacpp\windows-x86_64\api-ms-win-crt-stdio-l1-1-0.dll
0x0000000028460000 - 0x0000000028465000 	C:\Users\user\.javacpp\cache\librealsense-windows-x86_64.jar\org\bytedeco\javacpp\windows-x86_64\api-ms-win-crt-math-l1-1-0.dll
0x0000000028470000 - 0x0000000028473000 	C:\Users\user\.javacpp\cache\librealsense-windows-x86_64.jar\org\bytedeco\javacpp\windows-x86_64\api-ms-win-crt-heap-l1-1-0.dll
0x0000000028480000 - 0x0000000028484000 	C:\Users\user\.javacpp\cache\librealsense-windows-x86_64.jar\org\bytedeco\javacpp\windows-x86_64\api-ms-win-crt-runtime-l1-1-0.dll
0x0000000028490000 - 0x0000000028494000 	C:\Users\user\.javacpp\cache\librealsense-windows-x86_64.jar\org\bytedeco\javacpp\windows-x86_64\api-ms-win-crt-convert-l1-1-0.dll
0x00000000284a0000 - 0x00000000284a3000 	C:\Users\user\.javacpp\cache\librealsense-windows-x86_64.jar\org\bytedeco\javacpp\windows-x86_64\api-ms-win-crt-environment-l1-1-0.dll
0x00000000284b0000 - 0x00000000284b3000 	C:\Users\user\.javacpp\cache\librealsense-windows-x86_64.jar\org\bytedeco\javacpp\windows-x86_64\api-ms-win-crt-time-l1-1-0.dll
0x00000000284c0000 - 0x00000000284c3000 	C:\Users\user\.javacpp\cache\librealsense-windows-x86_64.jar\org\bytedeco\javacpp\windows-x86_64\api-ms-win-crt-filesystem-l1-1-0.dll
0x00007ff87f700000 - 0x00007ff87fcb8000 	C:\WINDOWS\SYSTEM32\d2d1.dll
0x00007ff882470000 - 0x00007ff88263e000 	C:\WINDOWS\System32\CRYPT32.dll
0x00007ff881ff0000 - 0x00007ff882002000 	C:\WINDOWS\System32\MSASN1.dll
0x00000000284d0000 - 0x00000000284d3000 	C:\Users\user\.javacpp\cache\librealsense-windows-x86_64.jar\org\bytedeco\javacpp\windows-x86_64\api-ms-win-crt-utility-l1-1-0.dll
0x00007ff854ad0000 - 0x00007ff85523c000 	C:\WINDOWS\SYSTEM32\D3D10Warp.dll
0x00007ff881f00000 - 0x00007ff881f29000 	C:\WINDOWS\SYSTEM32\USERENV.dll
0x00000000284e0000 - 0x00000000284e5000 	C:\Users\user\.javacpp\cache\librealsense-windows-x86_64.jar\org\bytedeco\javacpp\windows-x86_64\api-ms-win-crt-multibyte-l1-1-0.dll
0x00007ff84f570000 - 0x00007ff84f874000 	C:\Users\user\.javacpp\cache\opencv-windows-x86_64.jar\org\bytedeco\javacpp\windows-x86_64\opencv_core341.dll
0x00007ff84b3d0000 - 0x00007ff84b7d5000 	C:\Users\user\.javacpp\cache\opencv-windows-x86_64.jar\org\bytedeco\javacpp\windows-x86_64\opencv_imgproc341.dll
0x00007ff84d4b0000 - 0x00007ff84d83e000 	C:\Users\user\.javacpp\cache\opencv-windows-x86_64.jar\org\bytedeco\javacpp\windows-x86_64\jniopencv_core.dll
0x00007ff856fc0000 - 0x00007ff857116000 	C:\Users\user\.javacpp\cache\opencv-windows-x86_64.jar\org\bytedeco\javacpp\windows-x86_64\jniopencv_imgproc.dll
0x00007ff84b100000 - 0x00007ff84b3cf000 	C:\Users\user\.javacpp\cache\opencv-windows-x86_64.jar\org\bytedeco\javacpp\windows-x86_64\opencv_imgcodecs341.dll
0x00007ff865bc0000 - 0x00007ff865bf4000 	C:\Users\user\.javacpp\cache\opencv-windows-x86_64.jar\org\bytedeco\javacpp\windows-x86_64\jniopencv_imgcodecs.dll
0x0000000066cc0000 - 0x000000006862e000 	C:\opencv\build\x64\vc14\bin\opencv_ffmpeg341_64.dll
0x00007ff87ab90000 - 0x00007ff87ab9c000 	C:\WINDOWS\SYSTEM32\Secur32.dll
0x00007ff881ed0000 - 0x00007ff881f00000 	C:\WINDOWS\SYSTEM32\SSPICLI.DLL
0x00007ff8655d0000 - 0x00007ff865621000 	C:\Users\user\.javacpp\cache\opencv-windows-x86_64.jar\org\bytedeco\javacpp\windows-x86_64\opencv_videoio341.dll
0x00007ff861b90000 - 0x00007ff861baf000 	C:\WINDOWS\SYSTEM32\AVIFIL32.dll
0x00007ff85bb50000 - 0x00007ff85bb79000 	C:\WINDOWS\SYSTEM32\MSVFW32.dll
0x00007ff85fb40000 - 0x00007ff85fb58000 	C:\WINDOWS\SYSTEM32\AVICAP32.dll
0x00007ff8777e0000 - 0x00007ff8777fc000 	C:\WINDOWS\SYSTEM32\MSACM32.dll
0x00007ff85be90000 - 0x00007ff85beaf000 	C:\Users\user\.javacpp\cache\opencv-windows-x86_64.jar\org\bytedeco\javacpp\windows-x86_64\jniopencv_videoio.dll
0x00007ff85be00000 - 0x00007ff85be18000 	C:\Windows\System32\devenum.dll
0x00007ff881de0000 - 0x00007ff881e07000 	C:\WINDOWS\SYSTEM32\DEVOBJ.dll
0x00007ff882320000 - 0x00007ff882378000 	C:\WINDOWS\System32\WINTRUST.dll
0x00007ff87ed00000 - 0x00007ff87ed0a000 	C:\WINDOWS\SYSTEM32\msdmo.dll
0x00007ff85b190000 - 0x00007ff85b1c3000 	C:\Windows\System32\qcap.dll
0x00007ff854470000 - 0x00007ff85462c000 	C:\Windows\System32\quartz.dll
0x00007ff85b0c0000 - 0x00007ff85b10e000 	C:\Windows\System32\mfksproxy.dll
0x00007ff85b170000 - 0x00007ff85b18d000 	C:\Windows\System32\ATL.DLL
0x00007ff876630000 - 0x00007ff876666000 	C:\Windows\System32\MFSENSORGROUP.dll
0x00007ff867400000 - 0x00007ff8675b3000 	C:\Windows\System32\MFPlat.DLL
0x00007ff877850000 - 0x00007ff877881000 	C:\Windows\System32\RTWorkQ.DLL
0x00007ff874da0000 - 0x00007ff874da8000 	C:\WINDOWS\SYSTEM32\DCIMAN32.DLL
0x00007ff87d210000 - 0x00007ff87d27f000 	C:\WINDOWS\SYSTEM32\MMDevAPI.DLL

VM Arguments:
jvm_args: -Dfile.encoding=UTF-8 
java_command: application.Main
java_class_path (initial): C:\Users\user\Desktop\proga\programms\Java\OnlinePoker\Client\bin;C:\javacv-bin\artoolkitplus-windows-x86.jar;C:\javacv-bin\artoolkitplus-windows-x86_64.jar;C:\javacv-bin\ffmpeg-windows-x86.jar;C:\javacv-bin\ffmpeg-windows-x86_64.jar;C:\javacv-bin\flandmark-windows-x86.jar;C:\javacv-bin\flandmark-windows-x86_64.jar;C:\javacv-bin\flycapture-windows-x86.jar;C:\javacv-bin\flycapture-windows-x86_64.jar;C:\javacv-bin;C:\javacv-bin\javacpp.jar;C:\javacv-bin\opencv.jar;C:\javacv-bin\ffmpeg.jar;C:\javacv-bin\flycapture.jar;C:\javacv-bin\libdc1394.jar;C:\javacv-bin\libfreenect.jar;C:\javacv-bin\libfreenect2.jar;C:\javacv-bin\librealsense.jar;C:\javacv-bin\videoinput.jar;C:\javacv-bin\artoolkitplus.jar;C:\javacv-bin\flandmark.jar;C:\javacv-bin\javacv.jar;C:\javacv-bin\libdc1394-windows-x86.jar;C:\javacv-bin\libdc1394-windows-x86_64.jar;C:\javacv-bin\libfreenect-windows-x86.jar;C:\javacv-bin\libfreenect-windows-x86_64.jar;C:\javacv-bin\librealsense-windows-x86.jar;C:\javacv-bin\librealsense-windows-x86_64.jar;C:\javacv-bin\opencv-windows-x86.jar;C:\javacv-bin\opencv-windows-x86_64.jar;C:\javacv-bin\videoinput-windows-x86.jar;C:\javacv-bin\videoinput-windows-x86_64.jar
Launcher Type: SUN_STANDARD

Environment Variables:
JAVA_HOME=C:\Program Files\Java\jdk1.8.0_144
PATH=C:/Program Files/Java/jre1.8.0_144/bin/server;C:/Program Files/Java/jre1.8.0_144/bin;C:/Program Files/Java/jre1.8.0_144/lib/amd64;C:\ProgramData\Oracle\Java\javapath;C:\Program Files (x86)\Common Files\Intel\Shared Files\cpp\bin\Intel64;C:\Program Files (x86)\Lenovo\FusionEngine;C:\WINDOWS\system32;C:\WINDOWS;C:\WINDOWS\System32\Wbem;C:\WINDOWS\System32\WindowsPowerShell\v1.0\;C:\Program Files (x86)\ATI Technologies\ATI.ACE\Core-Static;c:\Program Files (x86)\Microsoft SQL Server\100\Tools\Binn\;c:\Program Files\Microsoft SQL Server\100\Tools\Binn\;c:\Program Files\Microsoft SQL Server\100\DTS\Binn\;C:\Program Files\Intel\WiFi\bin\;C:\Program Files\Common Files\Intel\WirelessCommon\;C:\Program Files (x86)\Visual Leak Detector\bin\Win32;C:\Program Files (x86)\Visual Leak Detector\bin\Win64;C:\Program Files (x86)\Skype\Phone\;C:\Program Files\Git\cmd;C:\opencv\build\x64\vc14\bin;C:\Users\user\AppData\Local\Microsoft\WindowsApps;;C:\Program Files\Java\eclipse;
USERNAME=user
OS=Windows_NT
PROCESSOR_IDENTIFIER=Intel64 Family 6 Model 61 Stepping 4, GenuineIntel



---------------  S Y S T E M  ---------------

OS: Windows 10.0 , 64 bit Build 16299 (10.0.16299.431)

CPU:total 4 (initial active 4) (2 cores per cpu, 2 threads per core) family 6 model 61 stepping 4, cmov, cx8, fxsr, mmx, sse, sse2, sse3, ssse3, sse4.1, sse4.2, popcnt, avx, avx2, aes, clmul, erms, 3dnowpref, lzcnt, ht, tsc, tscinvbit, bmi1, bmi2, adx

Memory: 4k page, physical 8300392k(3685072k free), swap 9611112k(3040236k free)

vm_info: Java HotSpot(TM) 64-Bit Server VM (25.144-b01) for windows-amd64 JRE (1.8.0_144-b01), built on Jul 21 2017 21:57:33 by "java_re" with MS VC++ 10.0 (VS2010)

time: Tue May 15 17:57:19 2018
elapsed time: 4 seconds (0d 0h 0m 4s)

