#
# A fatal error has been detected by the Java Runtime Environment:
#
#  EXCEPTION_ACCESS_VIOLATION (0xc0000005) at pc=0x00007ff85bf152e8, pid=11312, tid=0x0000000000000d74
#
# JRE version: Java(TM) SE Runtime Environment (8.0_144-b01) (build 1.8.0_144-b01)
# Java VM: Java HotSpot(TM) 64-Bit Server VM (25.144-b01 mixed mode windows-amd64 compressed oops)
# Problematic frame:
# C  [opencv_videoio341.dll+0x152e8]
#
# Failed to write core dump. Minidumps are not enabled by default on client versions of Windows
#
# If you would like to submit a bug report, please visit:
#   http://bugreport.java.com/bugreport/crash.jsp
# The crash happened outside the Java Virtual Machine in native code.
# See problematic frame for where to report the bug.
#

---------------  T H R E A D  ---------------

Current thread (0x000000001bc64800):  JavaThread "pool-6-thread-1" [_thread_in_native, id=3444, stack(0x0000000028970000,0x0000000028a70000)]

siginfo: ExceptionCode=0xc0000005, reading address 0x0000000000000000

Registers:
RAX=0x0000000000000000, RBX=0x00007ff85bf48ff0, RCX=0x0000000000000000, RDX=0x0000000021284088
RSP=0x0000000028a6eac0, RBP=0x0000000028a6ebc0, RSI=0x0000000000000000, RDI=0x0000000025a7a630
R8 =0x0000000025a7a7ec, R9 =0x0000000000008000, R10=0x00000000211e3a70, R11=0x0000000028a6ea90
R12=0x0000000025a7a658, R13=0x0000000025a7a660, R14=0x0000000000000000, R15=0x000000001bc64800
RIP=0x00007ff85bf152e8, EFLAGS=0x0000000000010246

Top of Stack: (sp=0x0000000028a6eac0)
0x0000000028a6eac0:   00007ff85bf48ff0 0000000000000000
0x0000000028a6ead0:   0000000025a7a630 0000000000000000
0x0000000028a6eae0:   0000000025a7a6ec 0000000028a6ef18
0x0000000028a6eaf0:   0000000000000000 00000000211fcbb8
0x0000000028a6eb00:   0000000028d10bb8 0000000025b12b10
0x0000000028a6eb10:   000000001bc64800 0000000028a6ef18
0x0000000028a6eb20:   0000000000000000 0000000000000000
0x0000000028a6eb30:   0000000028d10bb8 0000000025b12b10
0x0000000028a6eb40:   00007ff85bf48ff0 00007ff88316984c
0x0000000028a6eb50:   00000000211e3b20 0000000025b12b10
0x0000000028a6eb60:   00007ff85bf48ff0 00007ff865f771a7
0x0000000028a6eb70:   00000000211e3b20 00007ff865f74650
0x0000000028a6eb80:   00000000211e3b20 0000000025b12b10
0x0000000028a6eb90:   0000000000000000 0000000000000000
0x0000000028a6eba0:   00009c3aabe0c162 00007ff85bf124ca
0x0000000028a6ebb0:   0000000000000003 00007ff85bf48ff0 

Instructions: (pc=0x00007ff85bf152e8)
0x00007ff85bf152c8:   00 e8 c2 ce ff ff 44 8b f0 85 c0 0f 88 48 05 00
0x00007ff85bf152d8:   00 49 8b 4d 00 4c 8d 87 bc 01 00 00 48 8b 57 40
0x00007ff85bf152e8:   48 8b 01 ff 50 18 48 8b 4f 28 48 8d 54 24 68 4c
0x00007ff85bf152f8:   8b 4f 40 4c 8d 05 8e 75 01 00 48 89 54 24 28 48 


Register to memory mapping:

RAX=0x0000000000000000 is an unknown value
RBX=0x00007ff85bf48ff0 is an unknown value
RCX=0x0000000000000000 is an unknown value
RDX=0x0000000021284088 is an unknown value
RSP=0x0000000028a6eac0 is pointing into the stack for thread: 0x000000001bc64800
RBP=0x0000000028a6ebc0 is pointing into the stack for thread: 0x000000001bc64800
RSI=0x0000000000000000 is an unknown value
RDI=0x0000000025a7a630 is an unknown value
R8 =0x0000000025a7a7ec is an unknown value
R9 =0x0000000000008000 is an unknown value
R10=0x00000000211e3a70 is an unknown value
R11=0x0000000028a6ea90 is pointing into the stack for thread: 0x000000001bc64800
R12=0x0000000025a7a658 is an unknown value
R13=0x0000000025a7a660 is an unknown value
R14=0x0000000000000000 is an unknown value
R15=0x000000001bc64800 is a thread


Stack: [0x0000000028970000,0x0000000028a70000],  sp=0x0000000028a6eac0,  free space=1018k
Native frames: (J=compiled Java code, j=interpreted, Vv=VM code, C=native code)
C  [opencv_videoio341.dll+0x152e8]

Java frames: (J=compiled Java code, j=interpreted, Vv=VM code)
j  org.bytedeco.javacpp.opencv_videoio$VideoCapture.allocate(I)V+0
j  org.bytedeco.javacpp.opencv_videoio$VideoCapture.<init>(I)V+10
j  org.bytedeco.javacv.OpenCVFrameGrabber.start()V+44
j  webcam.WebCamManipulation.getWebCamImage()Lorg/bytedeco/javacpp/opencv_core$IplImage;+19
j  client.WebCamClient.run()V+19
j  java.util.concurrent.ThreadPoolExecutor.runWorker(Ljava/util/concurrent/ThreadPoolExecutor$Worker;)V+95
j  java.util.concurrent.ThreadPoolExecutor$Worker.run()V+5
j  java.lang.Thread.run()V+11
v  ~StubRoutines::call_stub

---------------  P R O C E S S  ---------------

Java Threads: ( => current thread )
  0x000000001c352800 JavaThread "JavaCPP Deallocator" daemon [_thread_blocked, id=1236, stack(0x0000000028d70000,0x0000000028e70000)]
  0x000000001c350000 JavaThread "pool-6-thread-2" [_thread_in_native, id=12136, stack(0x0000000028a70000,0x0000000028b70000)]
=>0x000000001bc64800 JavaThread "pool-6-thread-1" [_thread_in_native, id=3444, stack(0x0000000028970000,0x0000000028a70000)]
  0x000000001bc63000 JavaThread "pool-4-thread-1" [_thread_in_native, id=11008, stack(0x0000000028870000,0x0000000028970000)]
  0x000000001bc60000 JavaThread "pool-3-thread-1" [_thread_in_native, id=8728, stack(0x0000000028770000,0x0000000028870000)]
  0x000000001bc5f000 JavaThread "Prism Font Disposer" daemon [_thread_blocked, id=6308, stack(0x0000000023740000,0x0000000023840000)]
  0x000000001bc65000 JavaThread "Thread-3" daemon [_thread_in_native, id=7960, stack(0x0000000020dd0000,0x0000000020ed0000)]
  0x000000001bc63800 JavaThread "JavaFX-Launcher" [_thread_blocked, id=2712, stack(0x0000000020ed0000,0x0000000020fd0000)]
  0x000000001bc66000 JavaThread "JavaFX Application Thread" [_thread_in_native, id=6232, stack(0x000000001c710000,0x000000001c810000)]
  0x000000001bc60800 JavaThread "Thread-1" daemon [_thread_blocked, id=9376, stack(0x000000001c610000,0x000000001c710000)]
  0x000000001b8bb800 JavaThread "QuantumRenderer-0" daemon [_thread_blocked, id=6748, stack(0x000000001c440000,0x000000001c540000)]
  0x000000001b51e000 JavaThread "Service Thread" daemon [_thread_blocked, id=4744, stack(0x000000001b900000,0x000000001ba00000)]
  0x0000000019ba6000 JavaThread "C1 CompilerThread2" daemon [_thread_blocked, id=9192, stack(0x000000001b400000,0x000000001b500000)]
  0x0000000019ba3000 JavaThread "C2 CompilerThread1" daemon [_thread_blocked, id=3112, stack(0x000000001b300000,0x000000001b400000)]
  0x0000000019b9f000 JavaThread "C2 CompilerThread0" daemon [_thread_blocked, id=11980, stack(0x000000001b200000,0x000000001b300000)]
  0x0000000019b9d800 JavaThread "Attach Listener" daemon [_thread_blocked, id=11464, stack(0x000000001b100000,0x000000001b200000)]
  0x000000000502c000 JavaThread "Signal Dispatcher" daemon [_thread_blocked, id=5508, stack(0x000000001b000000,0x000000001b100000)]
  0x000000000502b000 JavaThread "Finalizer" daemon [_thread_blocked, id=10692, stack(0x000000001ae00000,0x000000001af00000)]
  0x0000000005020000 JavaThread "Reference Handler" daemon [_thread_blocked, id=11668, stack(0x000000001ad00000,0x000000001ae00000)]
  0x0000000004f2d800 JavaThread "main" [_thread_blocked, id=6508, stack(0x0000000004d60000,0x0000000004e60000)]

Other Threads:
  0x0000000019b67800 VMThread [stack: 0x000000001ac00000,0x000000001ad00000] [id=12208]
  0x000000001b545000 WatcherThread [stack: 0x000000001bb40000,0x000000001bc40000] [id=7404]

VM state:not at safepoint (normal execution)

VM Mutex/Monitor currently owned by a thread: None

Heap:
 PSYoungGen      total 38400K, used 18861K [0x00000000d5c00000, 0x00000000d8680000, 0x0000000100000000)
  eden space 33280K, 56% used [0x00000000d5c00000,0x00000000d6e6b440,0x00000000d7c80000)
  from space 5120K, 0% used [0x00000000d7c80000,0x00000000d7c80000,0x00000000d8180000)
  to   space 5120K, 0% used [0x00000000d8180000,0x00000000d8180000,0x00000000d8680000)
 ParOldGen       total 80384K, used 16777K [0x0000000081400000, 0x0000000086280000, 0x00000000d5c00000)
  object space 80384K, 20% used [0x0000000081400000,0x0000000082462450,0x0000000086280000)
 Metaspace       used 20810K, capacity 21822K, committed 22064K, reserved 1069056K
  class space    used 2873K, capacity 3114K, committed 3120K, reserved 1048576K

Card table byte_map: [0x00000000143f0000,0x00000000147f0000] byte_map_base: 0x0000000013fe6000

Marking Bits: (ParMarkBitMap*) 0x000000006289d850
 Begin Bits: [0x0000000014ea0000, 0x0000000016e50000)
 End Bits:   [0x0000000016e50000, 0x0000000018e00000)

Polling page: 0x0000000004e60000

CodeCache: size=245760Kb used=7722Kb max_used=7722Kb free=238037Kb
 bounds [0x0000000005030000, 0x00000000057c0000, 0x0000000014030000]
 total_blobs=3018 nmethods=2248 adapters=682
 compilation: enabled

Compilation events (10 events):
Event: 4.620 Thread 0x0000000019ba6000 2244       1       sun.util.calendar.BaseCalendar$Date::getCachedYear (5 bytes)
Event: 4.621 Thread 0x0000000019ba6000 nmethod 2244 0x00000000057bbdd0 code [0x00000000057bbf20, 0x00000000057bc030]
Event: 4.631 Thread 0x0000000019ba6000 2245       3       java.nio.file.Paths::get (9 bytes)
Event: 4.631 Thread 0x0000000019ba6000 nmethod 2245 0x00000000057bc090 code [0x00000000057bc200, 0x00000000057bc3e8]
Event: 4.631 Thread 0x0000000019ba6000 2246   !   3       java.nio.file.Files::isSymbolicLink (25 bytes)
Event: 4.632 Thread 0x0000000019ba6000 nmethod 2246 0x00000000057bc4d0 code [0x00000000057bc6a0, 0x00000000057bcde8]
Event: 4.632 Thread 0x0000000019ba6000 2247       3       java.nio.file.Files::readAttributes (11 bytes)
Event: 4.632 Thread 0x0000000019ba6000 nmethod 2247 0x00000000057bd210 code [0x00000000057bd3a0, 0x00000000057bd788]
Event: 4.634 Thread 0x0000000019ba6000 2248       3       org.bytedeco.javacpp.tools.Logger::isDebugEnabled (4 bytes)
Event: 4.634 Thread 0x0000000019ba6000 nmethod 2248 0x00000000057bd950 code [0x00000000057bdaa0, 0x00000000057bdc10]

GC Heap History (8 events):
Event: 1.165 GC heap before
{Heap before GC invocations=1 (full 0):
 PSYoungGen      total 38400K, used 33280K [0x00000000d5c00000, 0x00000000d8680000, 0x0000000100000000)
  eden space 33280K, 100% used [0x00000000d5c00000,0x00000000d7c80000,0x00000000d7c80000)
  from space 5120K, 0% used [0x00000000d8180000,0x00000000d8180000,0x00000000d8680000)
  to   space 5120K, 0% used [0x00000000d7c80000,0x00000000d7c80000,0x00000000d8180000)
 ParOldGen       total 87552K, used 0K [0x0000000081400000, 0x0000000086980000, 0x00000000d5c00000)
  object space 87552K, 0% used [0x0000000081400000,0x0000000081400000,0x0000000086980000)
 Metaspace       used 13892K, capacity 14354K, committed 14464K, reserved 1060864K
  class space    used 1985K, capacity 2141K, committed 2176K, reserved 1048576K
Event: 1.175 GC heap after
Heap after GC invocations=1 (full 0):
 PSYoungGen      total 38400K, used 5094K [0x00000000d5c00000, 0x00000000d8680000, 0x0000000100000000)
  eden space 33280K, 0% used [0x00000000d5c00000,0x00000000d5c00000,0x00000000d7c80000)
  from space 5120K, 99% used [0x00000000d7c80000,0x00000000d81798b0,0x00000000d8180000)
  to   space 5120K, 0% used [0x00000000d8180000,0x00000000d8180000,0x00000000d8680000)
 ParOldGen       total 87552K, used 1856K [0x0000000081400000, 0x0000000086980000, 0x00000000d5c00000)
  object space 87552K, 2% used [0x0000000081400000,0x00000000815d0010,0x0000000086980000)
 Metaspace       used 13892K, capacity 14354K, committed 14464K, reserved 1060864K
  class space    used 1985K, capacity 2141K, committed 2176K, reserved 1048576K
}
Event: 3.570 GC heap before
{Heap before GC invocations=2 (full 0):
 PSYoungGen      total 38400K, used 38374K [0x00000000d5c00000, 0x00000000d8680000, 0x0000000100000000)
  eden space 33280K, 100% used [0x00000000d5c00000,0x00000000d7c80000,0x00000000d7c80000)
  from space 5120K, 99% used [0x00000000d7c80000,0x00000000d81798b0,0x00000000d8180000)
  to   space 5120K, 0% used [0x00000000d8180000,0x00000000d8180000,0x00000000d8680000)
 ParOldGen       total 87552K, used 1856K [0x0000000081400000, 0x0000000086980000, 0x00000000d5c00000)
  object space 87552K, 2% used [0x0000000081400000,0x00000000815d0010,0x0000000086980000)
 Metaspace       used 19600K, capacity 20536K, committed 20736K, reserved 1067008K
  class space    used 2744K, capacity 2985K, committed 3072K, reserved 1048576K
Event: 3.584 GC heap after
Heap after GC invocations=2 (full 0):
 PSYoungGen      total 38400K, used 5102K [0x00000000d5c00000, 0x00000000d8680000, 0x0000000100000000)
  eden space 33280K, 0% used [0x00000000d5c00000,0x00000000d5c00000,0x00000000d7c80000)
  from space 5120K, 99% used [0x00000000d8180000,0x00000000d867bb78,0x00000000d8680000)
  to   space 5120K, 0% used [0x00000000d7c80000,0x00000000d7c80000,0x00000000d8180000)
 ParOldGen       total 87552K, used 13216K [0x0000000081400000, 0x0000000086980000, 0x00000000d5c00000)
  object space 87552K, 15% used [0x0000000081400000,0x00000000820e8338,0x0000000086980000)
 Metaspace       used 19600K, capacity 20536K, committed 20736K, reserved 1067008K
  class space    used 2744K, capacity 2985K, committed 3072K, reserved 1048576K
}
Event: 4.067 GC heap before
{Heap before GC invocations=3 (full 0):
 PSYoungGen      total 38400K, used 20556K [0x00000000d5c00000, 0x00000000d8680000, 0x0000000100000000)
  eden space 33280K, 46% used [0x00000000d5c00000,0x00000000d6b17808,0x00000000d7c80000)
  from space 5120K, 99% used [0x00000000d8180000,0x00000000d867bb78,0x00000000d8680000)
  to   space 5120K, 0% used [0x00000000d7c80000,0x00000000d7c80000,0x00000000d8180000)
 ParOldGen       total 87552K, used 13216K [0x0000000081400000, 0x0000000086980000, 0x00000000d5c00000)
  object space 87552K, 15% used [0x0000000081400000,0x00000000820e8338,0x0000000086980000)
 Metaspace       used 20299K, capacity 21214K, committed 21296K, reserved 1067008K
  class space    used 2854K, capacity 3082K, committed 3120K, reserved 1048576K
Event: 4.073 GC heap after
Heap after GC invocations=3 (full 0):
 PSYoungGen      total 38400K, used 5118K [0x00000000d5c00000, 0x00000000d8680000, 0x0000000100000000)
  eden space 33280K, 0% used [0x00000000d5c00000,0x00000000d5c00000,0x00000000d7c80000)
  from space 5120K, 99% used [0x00000000d7c80000,0x00000000d817fb88,0x00000000d8180000)
  to   space 5120K, 0% used [0x00000000d8180000,0x00000000d8180000,0x00000000d8680000)
 ParOldGen       total 87552K, used 13851K [0x0000000081400000, 0x0000000086980000, 0x00000000d5c00000)
  object space 87552K, 15% used [0x0000000081400000,0x0000000082186e30,0x0000000086980000)
 Metaspace       used 20299K, capacity 21214K, committed 21296K, reserved 1067008K
  class space    used 2854K, capacity 3082K, committed 3120K, reserved 1048576K
}
Event: 4.073 GC heap before
{Heap before GC invocations=4 (full 1):
 PSYoungGen      total 38400K, used 5118K [0x00000000d5c00000, 0x00000000d8680000, 0x0000000100000000)
  eden space 33280K, 0% used [0x00000000d5c00000,0x00000000d5c00000,0x00000000d7c80000)
  from space 5120K, 99% used [0x00000000d7c80000,0x00000000d817fb88,0x00000000d8180000)
  to   space 5120K, 0% used [0x00000000d8180000,0x00000000d8180000,0x00000000d8680000)
 ParOldGen       total 87552K, used 13851K [0x0000000081400000, 0x0000000086980000, 0x00000000d5c00000)
  object space 87552K, 15% used [0x0000000081400000,0x0000000082186e30,0x0000000086980000)
 Metaspace       used 20299K, capacity 21214K, committed 21296K, reserved 1067008K
  class space    used 2854K, capacity 3082K, committed 3120K, reserved 1048576K
Event: 4.106 GC heap after
Heap after GC invocations=4 (full 1):
 PSYoungGen      total 38400K, used 0K [0x00000000d5c00000, 0x00000000d8680000, 0x0000000100000000)
  eden space 33280K, 0% used [0x00000000d5c00000,0x00000000d5c00000,0x00000000d7c80000)
  from space 5120K, 0% used [0x00000000d7c80000,0x00000000d7c80000,0x00000000d8180000)
  to   space 5120K, 0% used [0x00000000d8180000,0x00000000d8180000,0x00000000d8680000)
 ParOldGen       total 80384K, used 16777K [0x0000000081400000, 0x0000000086280000, 0x00000000d5c00000)
  object space 80384K, 20% used [0x0000000081400000,0x0000000082462450,0x0000000086280000)
 Metaspace       used 20299K, capacity 21214K, committed 21296K, reserved 1067008K
  class space    used 2854K, capacity 3082K, committed 3120K, reserved 1048576K
}

Deoptimization events (10 events):
Event: 1.244 Thread 0x000000001bc66000 Uncommon trap: reason=unstable_if action=reinterpret pc=0x000000000521aa00 method=java.lang.CharacterData.of(I)Ljava/lang/CharacterData; @ 4
Event: 1.308 Thread 0x000000001bc66000 Uncommon trap: reason=unstable_if action=reinterpret pc=0x000000000535a768 method=jdk.internal.org.objectweb.asm.Type.getArgumentsAndReturnSizes(Ljava/lang/String;)I @ 47
Event: 3.096 Thread 0x000000001bc64800 Uncommon trap: reason=class_check action=maybe_recompile pc=0x00000000054ace48 method=java.util.HashMap.putVal(ILjava/lang/Object;Ljava/lang/Object;ZZ)Ljava/lang/Object; @ 203
Event: 3.096 Thread 0x000000001bc64800 Uncommon trap: reason=class_check action=maybe_recompile pc=0x00000000054ace48 method=java.util.HashMap.putVal(ILjava/lang/Object;Ljava/lang/Object;ZZ)Ljava/lang/Object; @ 203
Event: 3.096 Thread 0x000000001bc64800 Uncommon trap: reason=class_check action=maybe_recompile pc=0x00000000054ace48 method=java.util.HashMap.putVal(ILjava/lang/Object;Ljava/lang/Object;ZZ)Ljava/lang/Object; @ 203
Event: 3.101 Thread 0x000000001bc64800 Uncommon trap: reason=class_check action=maybe_recompile pc=0x00000000054acda8 method=java.util.HashMap.putVal(ILjava/lang/Object;Ljava/lang/Object;ZZ)Ljava/lang/Object; @ 253
Event: 3.101 Thread 0x000000001bc64800 Uncommon trap: reason=class_check action=maybe_recompile pc=0x00000000054acda8 method=java.util.HashMap.putVal(ILjava/lang/Object;Ljava/lang/Object;ZZ)Ljava/lang/Object; @ 253
Event: 3.148 Thread 0x000000001bc64800 Uncommon trap: reason=unstable_if action=reinterpret pc=0x000000000538e600 method=java.lang.String.lastIndexOf([CII[CIII)I @ 118
Event: 3.170 Thread 0x000000001bc64800 Uncommon trap: reason=unstable_if action=reinterpret pc=0x000000000538ed24 method=java.lang.String.lastIndexOf([CII[CIII)I @ 118
Event: 3.191 Thread 0x000000001bc66000 Uncommon trap: reason=unstable_if action=reinterpret pc=0x00000000055839d4 method=java.io.ByteArrayInputStream.read()I @ 8

Internal exceptions (10 events):
Event: 4.636 Thread 0x000000001c350000 Exception <a 'sun/nio/fs/WindowsException'> (0x00000000d6e29d60) thrown at [C:\re\workspace\8-2-build-windows-amd64-cygwin\jdk8u144\9417\hotspot\src\share\vm\prims\jni.cpp, line 709]
Event: 4.636 Thread 0x000000001c350000 Exception <a 'sun/nio/fs/WindowsException'> (0x00000000d6e2aed8) thrown at [C:\re\workspace\8-2-build-windows-amd64-cygwin\jdk8u144\9417\hotspot\src\share\vm\prims\jni.cpp, line 709]
Event: 4.637 Thread 0x000000001c350000 Exception <a 'sun/nio/fs/WindowsException'> (0x00000000d6e2c0d8) thrown at [C:\re\workspace\8-2-build-windows-amd64-cygwin\jdk8u144\9417\hotspot\src\share\vm\prims\jni.cpp, line 709]
Event: 4.637 Thread 0x000000001c350000 Exception <a 'sun/nio/fs/WindowsException'> (0x00000000d6e2d278) thrown at [C:\re\workspace\8-2-build-windows-amd64-cygwin\jdk8u144\9417\hotspot\src\share\vm\prims\jni.cpp, line 709]
Event: 4.638 Thread 0x000000001c350000 Exception <a 'sun/nio/fs/WindowsException'> (0x00000000d6e2e468) thrown at [C:\re\workspace\8-2-build-windows-amd64-cygwin\jdk8u144\9417\hotspot\src\share\vm\prims\jni.cpp, line 709]
Event: 4.638 Thread 0x000000001c350000 Exception <a 'sun/nio/fs/WindowsException'> (0x00000000d6e2f5e0) thrown at [C:\re\workspace\8-2-build-windows-amd64-cygwin\jdk8u144\9417\hotspot\src\share\vm\prims\jni.cpp, line 709]
Event: 4.639 Thread 0x000000001c350000 Exception <a 'sun/nio/fs/WindowsException'> (0x00000000d6e307c8) thrown at [C:\re\workspace\8-2-build-windows-amd64-cygwin\jdk8u144\9417\hotspot\src\share\vm\prims\jni.cpp, line 709]
Event: 4.639 Thread 0x000000001c350000 Exception <a 'sun/nio/fs/WindowsException'> (0x00000000d6e31968) thrown at [C:\re\workspace\8-2-build-windows-amd64-cygwin\jdk8u144\9417\hotspot\src\share\vm\prims\jni.cpp, line 709]
Event: 4.640 Thread 0x000000001c350000 Exception <a 'sun/nio/fs/WindowsException'> (0x00000000d6e32b30) thrown at [C:\re\workspace\8-2-build-windows-amd64-cygwin\jdk8u144\9417\hotspot\src\share\vm\prims\jni.cpp, line 709]
Event: 4.640 Thread 0x000000001c350000 Exception <a 'sun/nio/fs/WindowsException'> (0x00000000d6e33960) thrown at [C:\re\workspace\8-2-build-windows-amd64-cygwin\jdk8u144\9417\hotspot\src\share\vm\prims\jni.cpp, line 709]

Events (10 events):
Event: 4.231 loading class org/bytedeco/javacpp/opencv_imgcodecs
Event: 4.231 loading class org/bytedeco/javacpp/opencv_imgcodecs done
Event: 4.231 loading class org/bytedeco/javacpp/helper/opencv_imgcodecs
Event: 4.231 loading class org/bytedeco/javacpp/helper/opencv_imgcodecs done
Event: 4.509 Thread 0x000000001c350000 DEOPT PACKING pc=0x00000000056d1f64 sp=0x0000000028b6d840
Event: 4.509 Thread 0x000000001c350000 DEOPT UNPACKING pc=0x000000000507787f sp=0x0000000028b6d6f8 mode 0
Event: 4.520 loading class org/bytedeco/javacpp/opencv_videoio$CvCapture
Event: 4.520 loading class org/bytedeco/javacpp/opencv_videoio$CvCapture done
Event: 4.520 loading class org/bytedeco/javacpp/opencv_videoio$CvVideoWriter
Event: 4.520 loading class org/bytedeco/javacpp/opencv_videoio$CvVideoWriter done


Dynamic libraries:
0x00007ff6e78d0000 - 0x00007ff6e7907000 	C:\Program Files\Java\jre1.8.0_144\bin\javaw.exe
0x00007ff885c80000 - 0x00007ff885e60000 	C:\WINDOWS\SYSTEM32\ntdll.dll
0x00007ff883680000 - 0x00007ff88372e000 	C:\WINDOWS\System32\KERNEL32.DLL
0x00007ff882640000 - 0x00007ff8828a6000 	C:\WINDOWS\System32\KERNELBASE.dll
0x00007ff885760000 - 0x00007ff885801000 	C:\WINDOWS\System32\ADVAPI32.dll
0x00007ff883150000 - 0x00007ff8831ed000 	C:\WINDOWS\System32\msvcrt.dll
0x00007ff883790000 - 0x00007ff8837eb000 	C:\WINDOWS\System32\sechost.dll
0x00007ff885810000 - 0x00007ff88592f000 	C:\WINDOWS\System32\RPCRT4.dll
0x00007ff8837f0000 - 0x00007ff88397f000 	C:\WINDOWS\System32\USER32.dll
0x00007ff883000000 - 0x00007ff883020000 	C:\WINDOWS\System32\win32u.dll
0x00007ff8852f0000 - 0x00007ff885318000 	C:\WINDOWS\System32\GDI32.dll
0x00007ff882180000 - 0x00007ff882313000 	C:\WINDOWS\System32\gdi32full.dll
0x00007ff882380000 - 0x00007ff88241b000 	C:\WINDOWS\System32\msvcp_win.dll
0x00007ff882080000 - 0x00007ff882176000 	C:\WINDOWS\System32\ucrtbase.dll
0x00007ff866900000 - 0x00007ff866b69000 	C:\WINDOWS\WinSxS\amd64_microsoft.windows.common-controls_6595b64144ccf1df_6.0.16299.431_none_15c7d3ee93659e73\COMCTL32.dll
0x00007ff885450000 - 0x00007ff885758000 	C:\WINDOWS\System32\combase.dll
0x00007ff883020000 - 0x00007ff883092000 	C:\WINDOWS\System32\bcryptPrimitives.dll
0x00007ff885260000 - 0x00007ff88528d000 	C:\WINDOWS\System32\IMM32.DLL
0x0000000061e60000 - 0x0000000061f32000 	C:\Program Files\Java\jre1.8.0_144\bin\msvcr100.dll
0x0000000062080000 - 0x000000006291d000 	C:\Program Files\Java\jre1.8.0_144\bin\server\jvm.dll
0x00007ff885250000 - 0x00007ff885258000 	C:\WINDOWS\System32\PSAPI.DLL
0x00007ff879c80000 - 0x00007ff879ca3000 	C:\WINDOWS\SYSTEM32\WINMM.dll
0x00007ff8760c0000 - 0x00007ff8760ca000 	C:\WINDOWS\SYSTEM32\VERSION.dll
0x00007ff8788d0000 - 0x00007ff8788d9000 	C:\WINDOWS\SYSTEM32\WSOCK32.dll
0x00007ff879c50000 - 0x00007ff879c7a000 	C:\WINDOWS\SYSTEM32\winmmbase.dll
0x00007ff885ad0000 - 0x00007ff885b3c000 	C:\WINDOWS\System32\WS2_32.dll
0x00007ff882420000 - 0x00007ff88246a000 	C:\WINDOWS\System32\cfgmgr32.dll
0x0000000063a90000 - 0x0000000063a9f000 	C:\Program Files\Java\jre1.8.0_144\bin\verify.dll
0x0000000062ff0000 - 0x0000000063019000 	C:\Program Files\Java\jre1.8.0_144\bin\java.dll
0x0000000062fd0000 - 0x0000000062fe6000 	C:\Program Files\Java\jre1.8.0_144\bin\zip.dll
0x00007ff883dd0000 - 0x00007ff885208000 	C:\WINDOWS\System32\SHELL32.dll
0x00007ff883270000 - 0x00007ff883316000 	C:\WINDOWS\System32\shcore.dll
0x00007ff8828b0000 - 0x00007ff882ff7000 	C:\WINDOWS\System32\windows.storage.dll
0x00007ff883730000 - 0x00007ff883781000 	C:\WINDOWS\System32\shlwapi.dll
0x00007ff881fd0000 - 0x00007ff881fe1000 	C:\WINDOWS\System32\kernel.appcore.dll
0x00007ff882030000 - 0x00007ff88207c000 	C:\WINDOWS\System32\powrprof.dll
0x00007ff882010000 - 0x00007ff88202b000 	C:\WINDOWS\System32\profapi.dll
0x00007ff85b330000 - 0x00007ff85b41f000 	C:\Program Files\Java\jre1.8.0_144\bin\msvcr120.dll
0x00007ff85bba0000 - 0x00007ff85bc46000 	C:\Program Files\Java\jre1.8.0_144\bin\msvcp120.dll
0x0000000062d40000 - 0x0000000062d62000 	C:\Program Files\Java\jre1.8.0_144\bin\prism_d3d.dll
0x00007ff85ad40000 - 0x00007ff85aed5000 	C:\WINDOWS\system32\d3d9.dll
0x00007ff880490000 - 0x00007ff8804ba000 	C:\WINDOWS\SYSTEM32\dwmapi.dll
0x00007ff880260000 - 0x00007ff8802f5000 	C:\WINDOWS\system32\uxtheme.dll
0x00007ff849710000 - 0x00007ff84bc4e000 	C:\WINDOWS\SYSTEM32\igdumdim64.dll
0x00007ff885380000 - 0x00007ff885445000 	C:\WINDOWS\System32\OLEAUT32.dll
0x00007ff883320000 - 0x00007ff883469000 	C:\WINDOWS\System32\ole32.dll
0x00007ff883980000 - 0x00007ff883dce000 	C:\WINDOWS\System32\SETUPAPI.dll
0x0000000062930000 - 0x0000000062973000 	C:\Program Files\Java\jre1.8.0_144\bin\glass.dll
0x00007ff885b40000 - 0x00007ff885c4a000 	C:\WINDOWS\System32\COMDLG32.dll
0x00007ff883510000 - 0x00007ff883677000 	C:\WINDOWS\System32\MSCTF.dll
0x00007ff8687d0000 - 0x00007ff869210000 	C:\WINDOWS\SYSTEM32\igdusc64.dll
0x0000000061e40000 - 0x0000000061e54000 	C:\Program Files\Java\jre1.8.0_144\bin\javafx_font.dll
0x00007ff876d90000 - 0x00007ff8770a0000 	C:\WINDOWS\SYSTEM32\dwrite.dll
0x00007ff883470000 - 0x00007ff88350e000 	C:\WINDOWS\System32\clbcatq.dll
0x00007ff876810000 - 0x00007ff8769bb000 	C:\WINDOWS\SYSTEM32\WindowsCodecs.dll
0x00007ff8665b0000 - 0x00007ff8665ff000 	C:\WINDOWS\system32\dataexchange.dll
0x00007ff87edb0000 - 0x00007ff87eef2000 	C:\WINDOWS\system32\dcomp.dll
0x00007ff87f330000 - 0x00007ff87f612000 	C:\WINDOWS\system32\d3d11.dll
0x00007ff880e30000 - 0x00007ff880edf000 	C:\WINDOWS\system32\dxgi.dll
0x00007ff8805e0000 - 0x00007ff88075b000 	C:\WINDOWS\system32\twinapi.appcore.dll
0x00007ff8805c0000 - 0x00007ff8805e0000 	C:\WINDOWS\system32\RMCLIENT.dll
0x00007ff881b30000 - 0x00007ff881b55000 	C:\WINDOWS\system32\bcrypt.dll
0x00007ff86aa10000 - 0x00007ff86aa44000 	C:\Program Files\Common Files\Microsoft Shared\Ink\rtscom.dll
0x00007ff86a460000 - 0x00007ff86a4f8000 	C:\WINDOWS\System32\TextInputFramework.dll
0x00007ff86a170000 - 0x00007ff86a45e000 	C:\WINDOWS\System32\CoreUIComponents.dll
0x00007ff881130000 - 0x00007ff881161000 	C:\WINDOWS\SYSTEM32\ntmarta.dll
0x00007ff87e310000 - 0x00007ff87e446000 	C:\WINDOWS\SYSTEM32\wintypes.dll
0x00007ff87f620000 - 0x00007ff87f6fc000 	C:\WINDOWS\System32\CoreMessaging.dll
0x0000000061e10000 - 0x0000000061e33000 	C:\Program Files\Java\jre1.8.0_144\bin\javafx_iio.dll
0x0000000061df0000 - 0x0000000061e01000 	C:\Program Files\Java\jre1.8.0_144\bin\prism_common.dll
0x0000000062fb0000 - 0x0000000062fca000 	C:\Program Files\Java\jre1.8.0_144\bin\net.dll
0x00007ff881800000 - 0x00007ff881866000 	C:\WINDOWS\system32\mswsock.dll
0x00007ff8815d0000 - 0x00007ff881686000 	C:\WINDOWS\SYSTEM32\DNSAPI.dll
0x00007ff885240000 - 0x00007ff885248000 	C:\WINDOWS\System32\NSI.dll
0x00007ff881590000 - 0x00007ff8815c9000 	C:\WINDOWS\SYSTEM32\IPHLPAPI.DLL
0x00007ff87b7d0000 - 0x00007ff87b7da000 	C:\Windows\System32\rasadhlp.dll
0x00007ff87bb50000 - 0x00007ff87bbc0000 	C:\WINDOWS\System32\fwpuclnt.dll
0x00007ff865bc0000 - 0x00007ff865c11000 	C:\Users\user\.javacpp\cache\librealsense-windows-x86_64.jar\org\bytedeco\javacpp\windows-x86_64\concrt140.dll
0x00007ff85aca0000 - 0x00007ff85ad3f000 	C:\WINDOWS\SYSTEM32\MSVCP140.dll
0x00007ff86a9f0000 - 0x00007ff86aa06000 	C:\WINDOWS\SYSTEM32\VCRUNTIME140.dll
0x0000000062f90000 - 0x0000000062fa1000 	C:\Program Files\Java\jre1.8.0_144\bin\nio.dll
0x00007ff85ac00000 - 0x00007ff85ac9d000 	C:\Users\user\.javacpp\cache\librealsense-windows-x86_64.jar\org\bytedeco\javacpp\windows-x86_64\msvcp140.dll
0x00007ff86a9d0000 - 0x00007ff86a9e7000 	C:\Users\user\.javacpp\cache\librealsense-windows-x86_64.jar\org\bytedeco\javacpp\windows-x86_64\vcruntime140.dll
0x0000000021f10000 - 0x0000000021f13000 	C:\Users\user\.javacpp\cache\librealsense-windows-x86_64.jar\org\bytedeco\javacpp\windows-x86_64\api-ms-win-crt-locale-l1-1-0.dll
0x0000000028e70000 - 0x0000000028e74000 	C:\Users\user\.javacpp\cache\librealsense-windows-x86_64.jar\org\bytedeco\javacpp\windows-x86_64\api-ms-win-crt-string-l1-1-0.dll
0x0000000028e80000 - 0x0000000028e84000 	C:\Users\user\.javacpp\cache\librealsense-windows-x86_64.jar\org\bytedeco\javacpp\windows-x86_64\api-ms-win-crt-stdio-l1-1-0.dll
0x0000000028e90000 - 0x0000000028e95000 	C:\Users\user\.javacpp\cache\librealsense-windows-x86_64.jar\org\bytedeco\javacpp\windows-x86_64\api-ms-win-crt-math-l1-1-0.dll
0x0000000028ea0000 - 0x0000000028ea3000 	C:\Users\user\.javacpp\cache\librealsense-windows-x86_64.jar\org\bytedeco\javacpp\windows-x86_64\api-ms-win-crt-heap-l1-1-0.dll
0x0000000028eb0000 - 0x0000000028eb4000 	C:\Users\user\.javacpp\cache\librealsense-windows-x86_64.jar\org\bytedeco\javacpp\windows-x86_64\api-ms-win-crt-runtime-l1-1-0.dll
0x0000000028ec0000 - 0x0000000028ec4000 	C:\Users\user\.javacpp\cache\librealsense-windows-x86_64.jar\org\bytedeco\javacpp\windows-x86_64\api-ms-win-crt-convert-l1-1-0.dll
0x0000000028ed0000 - 0x0000000028ed3000 	C:\Users\user\.javacpp\cache\librealsense-windows-x86_64.jar\org\bytedeco\javacpp\windows-x86_64\api-ms-win-crt-environment-l1-1-0.dll
0x0000000028ee0000 - 0x0000000028ee3000 	C:\Users\user\.javacpp\cache\librealsense-windows-x86_64.jar\org\bytedeco\javacpp\windows-x86_64\api-ms-win-crt-time-l1-1-0.dll
0x00007ff87f700000 - 0x00007ff87fcb8000 	C:\WINDOWS\SYSTEM32\d2d1.dll
0x00007ff882470000 - 0x00007ff88263e000 	C:\WINDOWS\System32\CRYPT32.dll
0x00007ff881ff0000 - 0x00007ff882002000 	C:\WINDOWS\System32\MSASN1.dll
0x0000000028ef0000 - 0x0000000028ef3000 	C:\Users\user\.javacpp\cache\librealsense-windows-x86_64.jar\org\bytedeco\javacpp\windows-x86_64\api-ms-win-crt-filesystem-l1-1-0.dll
0x00007ff854ad0000 - 0x00007ff85523c000 	C:\WINDOWS\SYSTEM32\D3D10Warp.dll
0x00007ff881f00000 - 0x00007ff881f29000 	C:\WINDOWS\SYSTEM32\USERENV.dll
0x0000000028f60000 - 0x0000000028f63000 	C:\Users\user\.javacpp\cache\librealsense-windows-x86_64.jar\org\bytedeco\javacpp\windows-x86_64\api-ms-win-crt-utility-l1-1-0.dll
0x0000000029070000 - 0x0000000029075000 	C:\Users\user\.javacpp\cache\librealsense-windows-x86_64.jar\org\bytedeco\javacpp\windows-x86_64\api-ms-win-crt-multibyte-l1-1-0.dll
0x00007ff8544c0000 - 0x00007ff8547c4000 	C:\Users\user\.javacpp\cache\opencv-windows-x86_64.jar\org\bytedeco\javacpp\windows-x86_64\opencv_core341.dll
0x00007ff8540b0000 - 0x00007ff8544b5000 	C:\Users\user\.javacpp\cache\opencv-windows-x86_64.jar\org\bytedeco\javacpp\windows-x86_64\opencv_imgproc341.dll
0x00007ff853d20000 - 0x00007ff8540ae000 	C:\Users\user\.javacpp\cache\opencv-windows-x86_64.jar\org\bytedeco\javacpp\windows-x86_64\jniopencv_core.dll
0x00007ff858820000 - 0x00007ff858976000 	C:\Users\user\.javacpp\cache\opencv-windows-x86_64.jar\org\bytedeco\javacpp\windows-x86_64\jniopencv_imgproc.dll
0x00007ff853a50000 - 0x00007ff853d1f000 	C:\Users\user\.javacpp\cache\opencv-windows-x86_64.jar\org\bytedeco\javacpp\windows-x86_64\opencv_imgcodecs341.dll
0x00007ff8655f0000 - 0x00007ff865624000 	C:\Users\user\.javacpp\cache\opencv-windows-x86_64.jar\org\bytedeco\javacpp\windows-x86_64\jniopencv_imgcodecs.dll
0x0000000066cc0000 - 0x000000006862e000 	C:\opencv\build\x64\vc14\bin\opencv_ffmpeg341_64.dll
0x00007ff87ab90000 - 0x00007ff87ab9c000 	C:\WINDOWS\SYSTEM32\Secur32.dll
0x00007ff881ed0000 - 0x00007ff881f00000 	C:\WINDOWS\SYSTEM32\SSPICLI.DLL
0x00007ff85bf00000 - 0x00007ff85bf51000 	C:\Users\user\.javacpp\cache\opencv-windows-x86_64.jar\org\bytedeco\javacpp\windows-x86_64\opencv_videoio341.dll
0x00007ff866010000 - 0x00007ff866039000 	C:\WINDOWS\SYSTEM32\MSVFW32.dll
0x00007ff8673c0000 - 0x00007ff8673df000 	C:\WINDOWS\SYSTEM32\AVIFIL32.dll
0x00007ff867100000 - 0x00007ff867118000 	C:\WINDOWS\SYSTEM32\AVICAP32.dll
0x00007ff8777e0000 - 0x00007ff8777fc000 	C:\WINDOWS\SYSTEM32\MSACM32.dll
0x00007ff8660b0000 - 0x00007ff8660cf000 	C:\Users\user\.javacpp\cache\opencv-windows-x86_64.jar\org\bytedeco\javacpp\windows-x86_64\jniopencv_videoio.dll
0x00007ff865f70000 - 0x00007ff865f88000 	C:\Windows\System32\devenum.dll
0x00007ff881de0000 - 0x00007ff881e07000 	C:\WINDOWS\SYSTEM32\DEVOBJ.dll
0x00007ff882320000 - 0x00007ff882378000 	C:\WINDOWS\System32\WINTRUST.dll
0x00007ff87ed90000 - 0x00007ff87ed9a000 	C:\WINDOWS\SYSTEM32\msdmo.dll
0x00007ff85baf0000 - 0x00007ff85bb23000 	C:\Windows\System32\qcap.dll
0x00007ff856fd0000 - 0x00007ff85718c000 	C:\Windows\System32\quartz.dll
0x00007ff85b2e0000 - 0x00007ff85b32e000 	C:\Windows\System32\mfksproxy.dll
0x00007ff865360000 - 0x00007ff86537d000 	C:\Windows\System32\ATL.DLL
0x00007ff876630000 - 0x00007ff876666000 	C:\Windows\System32\MFSENSORGROUP.dll
0x00007ff867400000 - 0x00007ff8675b3000 	C:\Windows\System32\MFPlat.DLL
0x00007ff877850000 - 0x00007ff877881000 	C:\Windows\System32\RTWorkQ.DLL
0x00007ff87df90000 - 0x00007ff87df98000 	C:\WINDOWS\SYSTEM32\DCIMAN32.DLL
0x00007ff87d210000 - 0x00007ff87d27f000 	C:\WINDOWS\SYSTEM32\MMDevAPI.DLL

VM Arguments:
jvm_args: -Dfile.encoding=UTF-8 
java_command: application.Main
java_class_path (initial): C:\Users\user\Desktop\proga\programms\Java\OnlinePoker\Client\bin;C:\javacv-bin\artoolkitplus-windows-x86.jar;C:\javacv-bin\artoolkitplus-windows-x86_64.jar;C:\javacv-bin\ffmpeg-windows-x86.jar;C:\javacv-bin\ffmpeg-windows-x86_64.jar;C:\javacv-bin\flandmark-windows-x86.jar;C:\javacv-bin\flandmark-windows-x86_64.jar;C:\javacv-bin\flycapture-windows-x86.jar;C:\javacv-bin\flycapture-windows-x86_64.jar;C:\javacv-bin;C:\javacv-bin\javacpp.jar;C:\javacv-bin\opencv.jar;C:\javacv-bin\ffmpeg.jar;C:\javacv-bin\flycapture.jar;C:\javacv-bin\libdc1394.jar;C:\javacv-bin\libfreenect.jar;C:\javacv-bin\libfreenect2.jar;C:\javacv-bin\librealsense.jar;C:\javacv-bin\videoinput.jar;C:\javacv-bin\artoolkitplus.jar;C:\javacv-bin\flandmark.jar;C:\javacv-bin\javacv.jar;C:\javacv-bin\libdc1394-windows-x86.jar;C:\javacv-bin\libdc1394-windows-x86_64.jar;C:\javacv-bin\libfreenect-windows-x86.jar;C:\javacv-bin\libfreenect-windows-x86_64.jar;C:\javacv-bin\librealsense-windows-x86.jar;C:\javacv-bin\librealsense-windows-x86_64.jar;C:\javacv-bin\opencv-windows-x86.jar;C:\javacv-bin\opencv-windows-x86_64.jar;C:\javacv-bin\videoinput-windows-x86.jar;C:\javacv-bin\videoinput-windows-x86_64.jar
Launcher Type: SUN_STANDARD

Environment Variables:
JAVA_HOME=C:\Program Files\Java\jdk1.8.0_144
PATH=C:/Program Files/Java/jre1.8.0_144/bin/server;C:/Program Files/Java/jre1.8.0_144/bin;C:/Program Files/Java/jre1.8.0_144/lib/amd64;C:\ProgramData\Oracle\Java\javapath;C:\Program Files (x86)\Common Files\Intel\Shared Files\cpp\bin\Intel64;C:\Program Files (x86)\Lenovo\FusionEngine;C:\WINDOWS\system32;C:\WINDOWS;C:\WINDOWS\System32\Wbem;C:\WINDOWS\System32\WindowsPowerShell\v1.0\;C:\Program Files (x86)\ATI Technologies\ATI.ACE\Core-Static;c:\Program Files (x86)\Microsoft SQL Server\100\Tools\Binn\;c:\Program Files\Microsoft SQL Server\100\Tools\Binn\;c:\Program Files\Microsoft SQL Server\100\DTS\Binn\;C:\Program Files\Intel\WiFi\bin\;C:\Program Files\Common Files\Intel\WirelessCommon\;C:\Program Files (x86)\Visual Leak Detector\bin\Win32;C:\Program Files (x86)\Visual Leak Detector\bin\Win64;C:\Program Files (x86)\Skype\Phone\;C:\Program Files\Git\cmd;C:\opencv\build\x64\vc14\bin;C:\Users\user\AppData\Local\Microsoft\WindowsApps;;C:\Program Files\Java\eclipse;
USERNAME=user
OS=Windows_NT
PROCESSOR_IDENTIFIER=Intel64 Family 6 Model 61 Stepping 4, GenuineIntel



---------------  S Y S T E M  ---------------

OS: Windows 10.0 , 64 bit Build 16299 (10.0.16299.431)

CPU:total 4 (initial active 4) (2 cores per cpu, 2 threads per core) family 6 model 61 stepping 4, cmov, cx8, fxsr, mmx, sse, sse2, sse3, ssse3, sse4.1, sse4.2, popcnt, avx, avx2, aes, clmul, erms, 3dnowpref, lzcnt, ht, tsc, tscinvbit, bmi1, bmi2, adx

Memory: 4k page, physical 8300392k(3947976k free), swap 9611112k(3427580k free)

vm_info: Java HotSpot(TM) 64-Bit Server VM (25.144-b01) for windows-amd64 JRE (1.8.0_144-b01), built on Jul 21 2017 21:57:33 by "java_re" with MS VC++ 10.0 (VS2010)

time: Tue May 15 17:30:04 2018
elapsed time: 4 seconds (0d 0h 0m 4s)

