#
# A fatal error has been detected by the Java Runtime Environment:
#
#  EXCEPTION_ACCESS_VIOLATION (0xc0000005) at pc=0x00007ff85abf52eb, pid=12020, tid=0x00000000000019f8
#
# JRE version: Java(TM) SE Runtime Environment (8.0_144-b01) (build 1.8.0_144-b01)
# Java VM: Java HotSpot(TM) 64-Bit Server VM (25.144-b01 mixed mode windows-amd64 compressed oops)
# Problematic frame:
# C  [opencv_videoio341.dll+0x152eb]
#
# Failed to write core dump. Minidumps are not enabled by default on client versions of Windows
#
# If you would like to submit a bug report, please visit:
#   http://bugreport.java.com/bugreport/crash.jsp
# The crash happened outside the Java Virtual Machine in native code.
# See problematic frame for where to report the bug.
#

---------------  T H R E A D  ---------------

Current thread (0x0000000023849000):  JavaThread "pool-6-thread-1" [_thread_in_native, id=6648, stack(0x0000000028730000,0x0000000028830000)]

siginfo: ExceptionCode=0xc0000005, reading address 0xffffffffffffffff

Registers:
RAX=0x0074007300790073, RBX=0x00007ff85ac28ff0, RCX=0x00007ff873b64160, RDX=0x000000002594a408
RSP=0x000000002882eb80, RBP=0x000000002882ec80, RSI=0x0000000000000000, RDI=0x000000002594a2b0
R8 =0x000000002594a46c, R9 =0x0000000000008000, R10=0x0000000021043a70, R11=0x000000002882eb50
R12=0x000000002594a2d8, R13=0x000000002594a2e0, R14=0x0000000000000000, R15=0x0000000023849000
RIP=0x00007ff85abf52eb, EFLAGS=0x0000000000010246

Top of Stack: (sp=0x000000002882eb80)
0x000000002882eb80:   00007ff85ac28ff0 0000000000000000
0x000000002882eb90:   000000002594a2b0 0000000000000000
0x000000002882eba0:   000000002594a36c 000000002882efd8
0x000000002882ebb0:   0000000000000000 000000002104d368
0x000000002882ebc0:   0000000028acfbb8 0000000025949f80
0x000000002882ebd0:   0000000023849000 000000002882efd8
0x000000002882ebe0:   0000000000000000 0000000000000000
0x000000002882ebf0:   0000000028acfbb8 0000000025949f80
0x000000002882ec00:   00007ff85ac28ff0 00007ff88316984c
0x000000002882ec10:   0000000021043ee0 0000000025949f80
0x000000002882ec20:   00007ff85ac28ff0 00007ff8660b71a7
0x000000002882ec30:   0000000021043ee0 00007ff8660b4650
0x000000002882ec40:   0000000021043ee0 0000000025949f80
0x000000002882ec50:   0000000000000000 0000000000000000
0x000000002882ec60:   0000152513d5b6ea 00007ff85abf24ca
0x000000002882ec70:   0000000000000003 00007ff85ac28ff0 

Instructions: (pc=0x00007ff85abf52eb)
0x00007ff85abf52cb:   ce ff ff 44 8b f0 85 c0 0f 88 48 05 00 00 49 8b
0x00007ff85abf52db:   4d 00 4c 8d 87 bc 01 00 00 48 8b 57 40 48 8b 01
0x00007ff85abf52eb:   ff 50 18 48 8b 4f 28 48 8d 54 24 68 4c 8b 4f 40
0x00007ff85abf52fb:   4c 8d 05 8e 75 01 00 48 89 54 24 28 48 8d 15 22 


Register to memory mapping:

RAX=0x0074007300790073 is an unknown value
RBX=0x00007ff85ac28ff0 is an unknown value
RCX=0x00007ff873b64160 is an unknown value
RDX=0x000000002594a408 is an unknown value
RSP=0x000000002882eb80 is pointing into the stack for thread: 0x0000000023849000
RBP=0x000000002882ec80 is pointing into the stack for thread: 0x0000000023849000
RSI=0x0000000000000000 is an unknown value
RDI=0x000000002594a2b0 is an unknown value
R8 =0x000000002594a46c is an unknown value
R9 =0x0000000000008000 is an unknown value
R10=0x0000000021043a70 is an unknown value
R11=0x000000002882eb50 is pointing into the stack for thread: 0x0000000023849000
R12=0x000000002594a2d8 is an unknown value
R13=0x000000002594a2e0 is an unknown value
R14=0x0000000000000000 is an unknown value
R15=0x0000000023849000 is a thread


Stack: [0x0000000028730000,0x0000000028830000],  sp=0x000000002882eb80,  free space=1018k
Native frames: (J=compiled Java code, j=interpreted, Vv=VM code, C=native code)
C  [opencv_videoio341.dll+0x152eb]
C  [opencv_videoio341.dll+0x137ac]
C  [opencv_videoio341.dll+0x10deb]
C  [opencv_videoio341.dll+0x1377]
C  [opencv_videoio341.dll+0x256c]
C  [opencv_videoio341.dll+0x322d]
C  [opencv_videoio341.dll+0x1819]
C  [jniopencv_videoio.dll+0x6a10]
C  0x0000000004ed7f74

Java frames: (J=compiled Java code, j=interpreted, Vv=VM code)
j  org.bytedeco.javacpp.opencv_videoio$VideoCapture.allocate(I)V+0
j  org.bytedeco.javacpp.opencv_videoio$VideoCapture.<init>(I)V+10
j  org.bytedeco.javacv.OpenCVFrameGrabber.start()V+44
j  webcam.WebCamManipulation.getWebCamImage()Lorg/bytedeco/javacpp/opencv_core$IplImage;+19
j  client.WebCamClient.run()V+19
j  java.util.concurrent.ThreadPoolExecutor.runWorker(Ljava/util/concurrent/ThreadPoolExecutor$Worker;)V+95
j  java.util.concurrent.ThreadPoolExecutor$Worker.run()V+5
j  java.lang.Thread.run()V+11
v  ~StubRoutines::call_stub

---------------  P R O C E S S  ---------------

Java Threads: ( => current thread )
  0x000000002382b800 JavaThread "JavaCPP Deallocator" daemon [_thread_blocked, id=10776, stack(0x0000000028b30000,0x0000000028c30000)]
  0x0000000023827800 JavaThread "pool-6-thread-2" [_thread_blocked, id=5048, stack(0x0000000028830000,0x0000000028930000)]
=>0x0000000023849000 JavaThread "pool-6-thread-1" [_thread_in_native, id=6648, stack(0x0000000028730000,0x0000000028830000)]
  0x0000000020b3e000 JavaThread "pool-3-thread-1" [_thread_in_native, id=5508, stack(0x0000000028530000,0x0000000028630000)]
  0x0000000020a0b800 JavaThread "Prism Font Disposer" daemon [_thread_blocked, id=12208, stack(0x0000000023600000,0x0000000023700000)]
  0x000000002048a000 JavaThread "Thread-3" daemon [_thread_in_native, id=10692, stack(0x0000000020c30000,0x0000000020d30000)]
  0x000000001b774000 JavaThread "JavaFX-Launcher" [_thread_blocked, id=9192, stack(0x0000000020d30000,0x0000000020e30000)]
  0x000000001b75e800 JavaThread "JavaFX Application Thread" [_thread_in_native, id=11464, stack(0x000000001bd90000,0x000000001be90000)]
  0x000000001b752800 JavaThread "Thread-1" daemon [_thread_blocked, id=9208, stack(0x000000001bc90000,0x000000001bd90000)]
  0x000000001b711800 JavaThread "QuantumRenderer-0" daemon [_thread_blocked, id=6508, stack(0x000000001bac0000,0x000000001bbc0000)]
  0x0000000019a8e800 JavaThread "Service Thread" daemon [_thread_blocked, id=11572, stack(0x000000001b780000,0x000000001b880000)]
  0x0000000019a38800 JavaThread "C1 CompilerThread2" daemon [_thread_blocked, id=8448, stack(0x000000001b280000,0x000000001b380000)]
  0x0000000019a34000 JavaThread "C2 CompilerThread1" daemon [_thread_blocked, id=12272, stack(0x000000001b180000,0x000000001b280000)]
  0x0000000019a30000 JavaThread "C2 CompilerThread0" daemon [_thread_blocked, id=9868, stack(0x000000001b080000,0x000000001b180000)]
  0x0000000019a2e800 JavaThread "Attach Listener" daemon [_thread_blocked, id=3884, stack(0x000000001af80000,0x000000001b080000)]
  0x0000000019a2d800 JavaThread "Signal Dispatcher" daemon [_thread_blocked, id=8384, stack(0x000000001ae80000,0x000000001af80000)]
  0x0000000004ebb000 JavaThread "Finalizer" daemon [_thread_blocked, id=7352, stack(0x000000001ac80000,0x000000001ad80000)]
  0x0000000004eb0000 JavaThread "Reference Handler" daemon [_thread_blocked, id=11972, stack(0x000000001ab80000,0x000000001ac80000)]
  0x0000000004dbd800 JavaThread "main" [_thread_blocked, id=8984, stack(0x0000000004c90000,0x0000000004d90000)]

Other Threads:
  0x00000000199f7800 VMThread [stack: 0x000000001aa80000,0x000000001ab80000] [id=11312]
  0x000000001b3be800 WatcherThread [stack: 0x000000001b9c0000,0x000000001bac0000] [id=9624]

VM state:not at safepoint (normal execution)

VM Mutex/Monitor currently owned by a thread: None

Heap:
 PSYoungGen      total 38400K, used 18357K [0x00000000d5c00000, 0x00000000d8680000, 0x0000000100000000)
  eden space 33280K, 55% used [0x00000000d5c00000,0x00000000d6ded470,0x00000000d7c80000)
  from space 5120K, 0% used [0x00000000d7c80000,0x00000000d7c80000,0x00000000d8180000)
  to   space 5120K, 0% used [0x00000000d8180000,0x00000000d8180000,0x00000000d8680000)
 ParOldGen       total 87552K, used 16569K [0x0000000081400000, 0x0000000086980000, 0x00000000d5c00000)
  object space 87552K, 18% used [0x0000000081400000,0x000000008242e520,0x0000000086980000)
 Metaspace       used 20803K, capacity 21754K, committed 21808K, reserved 1069056K
  class space    used 2875K, capacity 3114K, committed 3120K, reserved 1048576K

Card table byte_map: [0x0000000014280000,0x0000000014680000] byte_map_base: 0x0000000013e76000

Marking Bits: (ParMarkBitMap*) 0x000000006289d850
 Begin Bits: [0x0000000014d30000, 0x0000000016ce0000)
 End Bits:   [0x0000000016ce0000, 0x0000000018c90000)

Polling page: 0x0000000002f50000

CodeCache: size=245760Kb used=7640Kb max_used=7640Kb free=238119Kb
 bounds [0x0000000004ec0000, 0x0000000005640000, 0x0000000013ec0000]
 total_blobs=3013 nmethods=2243 adapters=682
 compilation: enabled

Compilation events (10 events):
Event: 3.797 Thread 0x0000000019a38800 2239       1       sun.util.calendar.BaseCalendar$Date::getCachedYear (5 bytes)
Event: 3.797 Thread 0x0000000019a38800 nmethod 2239 0x0000000005625d10 code [0x0000000005625e60, 0x0000000005625f70]
Event: 3.809 Thread 0x0000000019a38800 2240       3       java.nio.file.Paths::get (9 bytes)
Event: 3.809 Thread 0x0000000019a38800 nmethod 2240 0x0000000005638090 code [0x0000000005638200, 0x00000000056383e8]
Event: 3.809 Thread 0x0000000019a38800 2241   !   3       java.nio.file.Files::isSymbolicLink (25 bytes)
Event: 3.810 Thread 0x0000000019a38800 nmethod 2241 0x00000000056384d0 code [0x00000000056386a0, 0x0000000005638de8]
Event: 3.810 Thread 0x0000000019a38800 2242       3       java.nio.file.Files::readAttributes (11 bytes)
Event: 3.810 Thread 0x0000000019a38800 nmethod 2242 0x0000000005639210 code [0x00000000056393a0, 0x0000000005639788]
Event: 3.812 Thread 0x0000000019a38800 2243       3       org.bytedeco.javacpp.tools.Logger::isDebugEnabled (4 bytes)
Event: 3.812 Thread 0x0000000019a38800 nmethod 2243 0x0000000005639950 code [0x0000000005639aa0, 0x0000000005639c10]

GC Heap History (8 events):
Event: 0.956 GC heap before
{Heap before GC invocations=1 (full 0):
 PSYoungGen      total 38400K, used 33280K [0x00000000d5c00000, 0x00000000d8680000, 0x0000000100000000)
  eden space 33280K, 100% used [0x00000000d5c00000,0x00000000d7c80000,0x00000000d7c80000)
  from space 5120K, 0% used [0x00000000d8180000,0x00000000d8180000,0x00000000d8680000)
  to   space 5120K, 0% used [0x00000000d7c80000,0x00000000d7c80000,0x00000000d8180000)
 ParOldGen       total 87552K, used 0K [0x0000000081400000, 0x0000000086980000, 0x00000000d5c00000)
  object space 87552K, 0% used [0x0000000081400000,0x0000000081400000,0x0000000086980000)
 Metaspace       used 13895K, capacity 14354K, committed 14464K, reserved 1060864K
  class space    used 1986K, capacity 2141K, committed 2176K, reserved 1048576K
Event: 0.962 GC heap after
Heap after GC invocations=1 (full 0):
 PSYoungGen      total 38400K, used 5094K [0x00000000d5c00000, 0x00000000d8680000, 0x0000000100000000)
  eden space 33280K, 0% used [0x00000000d5c00000,0x00000000d5c00000,0x00000000d7c80000)
  from space 5120K, 99% used [0x00000000d7c80000,0x00000000d81798b0,0x00000000d8180000)
  to   space 5120K, 0% used [0x00000000d8180000,0x00000000d8180000,0x00000000d8680000)
 ParOldGen       total 87552K, used 1874K [0x0000000081400000, 0x0000000086980000, 0x00000000d5c00000)
  object space 87552K, 2% used [0x0000000081400000,0x00000000815d4820,0x0000000086980000)
 Metaspace       used 13895K, capacity 14354K, committed 14464K, reserved 1060864K
  class space    used 1986K, capacity 2141K, committed 2176K, reserved 1048576K
}
Event: 2.604 GC heap before
{Heap before GC invocations=2 (full 0):
 PSYoungGen      total 38400K, used 38374K [0x00000000d5c00000, 0x00000000d8680000, 0x0000000100000000)
  eden space 33280K, 100% used [0x00000000d5c00000,0x00000000d7c80000,0x00000000d7c80000)
  from space 5120K, 99% used [0x00000000d7c80000,0x00000000d81798b0,0x00000000d8180000)
  to   space 5120K, 0% used [0x00000000d8180000,0x00000000d8180000,0x00000000d8680000)
 ParOldGen       total 87552K, used 1874K [0x0000000081400000, 0x0000000086980000, 0x00000000d5c00000)
  object space 87552K, 2% used [0x0000000081400000,0x00000000815d4820,0x0000000086980000)
 Metaspace       used 19597K, capacity 20532K, committed 20736K, reserved 1067008K
  class space    used 2748K, capacity 2985K, committed 3072K, reserved 1048576K
Event: 2.614 GC heap after
Heap after GC invocations=2 (full 0):
 PSYoungGen      total 38400K, used 5102K [0x00000000d5c00000, 0x00000000d8680000, 0x0000000100000000)
  eden space 33280K, 0% used [0x00000000d5c00000,0x00000000d5c00000,0x00000000d7c80000)
  from space 5120K, 99% used [0x00000000d8180000,0x00000000d867bb78,0x00000000d8680000)
  to   space 5120K, 0% used [0x00000000d7c80000,0x00000000d7c80000,0x00000000d8180000)
 ParOldGen       total 87552K, used 11156K [0x0000000081400000, 0x0000000086980000, 0x00000000d5c00000)
  object space 87552K, 12% used [0x0000000081400000,0x0000000081ee5078,0x0000000086980000)
 Metaspace       used 19597K, capacity 20532K, committed 20736K, reserved 1067008K
  class space    used 2748K, capacity 2985K, committed 3072K, reserved 1048576K
}
Event: 3.151 GC heap before
{Heap before GC invocations=3 (full 0):
 PSYoungGen      total 38400K, used 20897K [0x00000000d5c00000, 0x00000000d8680000, 0x0000000100000000)
  eden space 33280K, 47% used [0x00000000d5c00000,0x00000000d6b6cae8,0x00000000d7c80000)
  from space 5120K, 99% used [0x00000000d8180000,0x00000000d867bb78,0x00000000d8680000)
  to   space 5120K, 0% used [0x00000000d7c80000,0x00000000d7c80000,0x00000000d8180000)
 ParOldGen       total 87552K, used 11156K [0x0000000081400000, 0x0000000086980000, 0x00000000d5c00000)
  object space 87552K, 12% used [0x0000000081400000,0x0000000081ee5078,0x0000000086980000)
 Metaspace       used 20320K, capacity 21210K, committed 21296K, reserved 1067008K
  class space    used 2856K, capacity 3082K, committed 3120K, reserved 1048576K
Event: 3.156 GC heap after
Heap after GC invocations=3 (full 0):
 PSYoungGen      total 38400K, used 5102K [0x00000000d5c00000, 0x00000000d8680000, 0x0000000100000000)
  eden space 33280K, 0% used [0x00000000d5c00000,0x00000000d5c00000,0x00000000d7c80000)
  from space 5120K, 99% used [0x00000000d7c80000,0x00000000d817bb78,0x00000000d8180000)
  to   space 5120K, 0% used [0x00000000d8180000,0x00000000d8180000,0x00000000d8680000)
 ParOldGen       total 87552K, used 11989K [0x0000000081400000, 0x0000000086980000, 0x00000000d5c00000)
  object space 87552K, 13% used [0x0000000081400000,0x0000000081fb55d8,0x0000000086980000)
 Metaspace       used 20320K, capacity 21210K, committed 21296K, reserved 1067008K
  class space    used 2856K, capacity 3082K, committed 3120K, reserved 1048576K
}
Event: 3.156 GC heap before
{Heap before GC invocations=4 (full 1):
 PSYoungGen      total 38400K, used 5102K [0x00000000d5c00000, 0x00000000d8680000, 0x0000000100000000)
  eden space 33280K, 0% used [0x00000000d5c00000,0x00000000d5c00000,0x00000000d7c80000)
  from space 5120K, 99% used [0x00000000d7c80000,0x00000000d817bb78,0x00000000d8180000)
  to   space 5120K, 0% used [0x00000000d8180000,0x00000000d8180000,0x00000000d8680000)
 ParOldGen       total 87552K, used 11989K [0x0000000081400000, 0x0000000086980000, 0x00000000d5c00000)
  object space 87552K, 13% used [0x0000000081400000,0x0000000081fb55d8,0x0000000086980000)
 Metaspace       used 20320K, capacity 21210K, committed 21296K, reserved 1067008K
  class space    used 2856K, capacity 3082K, committed 3120K, reserved 1048576K
Event: 3.240 GC heap after
Heap after GC invocations=4 (full 1):
 PSYoungGen      total 38400K, used 0K [0x00000000d5c00000, 0x00000000d8680000, 0x0000000100000000)
  eden space 33280K, 0% used [0x00000000d5c00000,0x00000000d5c00000,0x00000000d7c80000)
  from space 5120K, 0% used [0x00000000d7c80000,0x00000000d7c80000,0x00000000d8180000)
  to   space 5120K, 0% used [0x00000000d8180000,0x00000000d8180000,0x00000000d8680000)
 ParOldGen       total 87552K, used 16569K [0x0000000081400000, 0x0000000086980000, 0x00000000d5c00000)
  object space 87552K, 18% used [0x0000000081400000,0x000000008242e520,0x0000000086980000)
 Metaspace       used 20320K, capacity 21210K, committed 21296K, reserved 1067008K
  class space    used 2856K, capacity 3082K, committed 3120K, reserved 1048576K
}

Deoptimization events (10 events):
Event: 2.109 Thread 0x0000000023827800 Uncommon trap: reason=class_check action=maybe_recompile pc=0x000000000533fe24 method=java.util.HashMap.putVal(ILjava/lang/Object;Ljava/lang/Object;ZZ)Ljava/lang/Object; @ 203
Event: 2.110 Thread 0x0000000023827800 Uncommon trap: reason=class_check action=maybe_recompile pc=0x000000000533fe24 method=java.util.HashMap.putVal(ILjava/lang/Object;Ljava/lang/Object;ZZ)Ljava/lang/Object; @ 203
Event: 2.115 Thread 0x0000000023827800 Uncommon trap: reason=class_check action=maybe_recompile pc=0x000000000533fdc8 method=java.util.HashMap.putVal(ILjava/lang/Object;Ljava/lang/Object;ZZ)Ljava/lang/Object; @ 253
Event: 2.115 Thread 0x0000000023827800 Uncommon trap: reason=class_check action=maybe_recompile pc=0x000000000533fdc8 method=java.util.HashMap.putVal(ILjava/lang/Object;Ljava/lang/Object;ZZ)Ljava/lang/Object; @ 253
Event: 2.203 Thread 0x0000000023827800 Uncommon trap: reason=unstable_if action=reinterpret pc=0x0000000005324040 method=java.lang.String.lastIndexOf([CII[CIII)I @ 118
Event: 2.220 Thread 0x0000000023827800 Uncommon trap: reason=unstable_if action=reinterpret pc=0x0000000005201ae4 method=java.lang.String.lastIndexOf([CII[CIII)I @ 118
Event: 2.240 Thread 0x000000001b75e800 Uncommon trap: reason=unstable_if action=reinterpret pc=0x00000000054118d4 method=java.io.ByteArrayInputStream.read()I @ 8
Event: 3.144 Thread 0x0000000023849000 Uncommon trap: reason=bimorphic action=maybe_recompile pc=0x00000000054377d8 method=java.util.HashMap.putVal(ILjava/lang/Object;Ljava/lang/Object;ZZ)Ljava/lang/Object; @ 203
Event: 3.146 Thread 0x0000000023849000 Uncommon trap: reason=bimorphic action=maybe_recompile pc=0x00000000054377d8 method=java.util.HashMap.putVal(ILjava/lang/Object;Ljava/lang/Object;ZZ)Ljava/lang/Object; @ 203
Event: 3.146 Thread 0x0000000023849000 Uncommon trap: reason=bimorphic action=maybe_recompile pc=0x00000000054377d8 method=java.util.HashMap.putVal(ILjava/lang/Object;Ljava/lang/Object;ZZ)Ljava/lang/Object; @ 203

Internal exceptions (10 events):
Event: 3.814 Thread 0x0000000023849000 Exception <a 'sun/nio/fs/WindowsException'> (0x00000000d6dacd68) thrown at [C:\re\workspace\8-2-build-windows-amd64-cygwin\jdk8u144\9417\hotspot\src\share\vm\prims\jni.cpp, line 709]
Event: 3.815 Thread 0x0000000023849000 Exception <a 'sun/nio/fs/WindowsException'> (0x00000000d6dadee0) thrown at [C:\re\workspace\8-2-build-windows-amd64-cygwin\jdk8u144\9417\hotspot\src\share\vm\prims\jni.cpp, line 709]
Event: 3.815 Thread 0x0000000023849000 Exception <a 'sun/nio/fs/WindowsException'> (0x00000000d6daf080) thrown at [C:\re\workspace\8-2-build-windows-amd64-cygwin\jdk8u144\9417\hotspot\src\share\vm\prims\jni.cpp, line 709]
Event: 3.816 Thread 0x0000000023849000 Exception <a 'sun/nio/fs/WindowsException'> (0x00000000d6db0220) thrown at [C:\re\workspace\8-2-build-windows-amd64-cygwin\jdk8u144\9417\hotspot\src\share\vm\prims\jni.cpp, line 709]
Event: 3.817 Thread 0x0000000023849000 Exception <a 'sun/nio/fs/WindowsException'> (0x00000000d6db1410) thrown at [C:\re\workspace\8-2-build-windows-amd64-cygwin\jdk8u144\9417\hotspot\src\share\vm\prims\jni.cpp, line 709]
Event: 3.817 Thread 0x0000000023849000 Exception <a 'sun/nio/fs/WindowsException'> (0x00000000d6db2588) thrown at [C:\re\workspace\8-2-build-windows-amd64-cygwin\jdk8u144\9417\hotspot\src\share\vm\prims\jni.cpp, line 709]
Event: 3.818 Thread 0x0000000023849000 Exception <a 'sun/nio/fs/WindowsException'> (0x00000000d6db3770) thrown at [C:\re\workspace\8-2-build-windows-amd64-cygwin\jdk8u144\9417\hotspot\src\share\vm\prims\jni.cpp, line 709]
Event: 3.818 Thread 0x0000000023849000 Exception <a 'sun/nio/fs/WindowsException'> (0x00000000d6db4910) thrown at [C:\re\workspace\8-2-build-windows-amd64-cygwin\jdk8u144\9417\hotspot\src\share\vm\prims\jni.cpp, line 709]
Event: 3.819 Thread 0x0000000023849000 Exception <a 'sun/nio/fs/WindowsException'> (0x00000000d6db5ad8) thrown at [C:\re\workspace\8-2-build-windows-amd64-cygwin\jdk8u144\9417\hotspot\src\share\vm\prims\jni.cpp, line 709]
Event: 3.820 Thread 0x0000000023849000 Exception <a 'sun/nio/fs/WindowsException'> (0x00000000d6db6908) thrown at [C:\re\workspace\8-2-build-windows-amd64-cygwin\jdk8u144\9417\hotspot\src\share\vm\prims\jni.cpp, line 709]

Events (10 events):
Event: 3.373 loading class org/bytedeco/javacpp/opencv_imgcodecs
Event: 3.373 loading class org/bytedeco/javacpp/opencv_imgcodecs done
Event: 3.374 loading class org/bytedeco/javacpp/helper/opencv_imgcodecs
Event: 3.374 loading class org/bytedeco/javacpp/helper/opencv_imgcodecs done
Event: 3.664 Thread 0x0000000023849000 DEOPT PACKING pc=0x0000000005547024 sp=0x000000002882d940
Event: 3.664 Thread 0x0000000023849000 DEOPT UNPACKING pc=0x0000000004f0787f sp=0x000000002882d7f8 mode 0
Event: 3.674 loading class org/bytedeco/javacpp/opencv_videoio$CvCapture
Event: 3.675 loading class org/bytedeco/javacpp/opencv_videoio$CvCapture done
Event: 3.675 loading class org/bytedeco/javacpp/opencv_videoio$CvVideoWriter
Event: 3.675 loading class org/bytedeco/javacpp/opencv_videoio$CvVideoWriter done


Dynamic libraries:
0x00007ff6e78d0000 - 0x00007ff6e7907000 	C:\Program Files\Java\jre1.8.0_144\bin\javaw.exe
0x00007ff885c80000 - 0x00007ff885e60000 	C:\WINDOWS\SYSTEM32\ntdll.dll
0x00007ff883680000 - 0x00007ff88372e000 	C:\WINDOWS\System32\KERNEL32.DLL
0x00007ff882640000 - 0x00007ff8828a6000 	C:\WINDOWS\System32\KERNELBASE.dll
0x00007ff885760000 - 0x00007ff885801000 	C:\WINDOWS\System32\ADVAPI32.dll
0x00007ff883150000 - 0x00007ff8831ed000 	C:\WINDOWS\System32\msvcrt.dll
0x00007ff883790000 - 0x00007ff8837eb000 	C:\WINDOWS\System32\sechost.dll
0x00007ff885810000 - 0x00007ff88592f000 	C:\WINDOWS\System32\RPCRT4.dll
0x00007ff8837f0000 - 0x00007ff88397f000 	C:\WINDOWS\System32\USER32.dll
0x00007ff883000000 - 0x00007ff883020000 	C:\WINDOWS\System32\win32u.dll
0x00007ff8852f0000 - 0x00007ff885318000 	C:\WINDOWS\System32\GDI32.dll
0x00007ff882180000 - 0x00007ff882313000 	C:\WINDOWS\System32\gdi32full.dll
0x00007ff882380000 - 0x00007ff88241b000 	C:\WINDOWS\System32\msvcp_win.dll
0x00007ff882080000 - 0x00007ff882176000 	C:\WINDOWS\System32\ucrtbase.dll
0x00007ff866900000 - 0x00007ff866b69000 	C:\WINDOWS\WinSxS\amd64_microsoft.windows.common-controls_6595b64144ccf1df_6.0.16299.431_none_15c7d3ee93659e73\COMCTL32.dll
0x00007ff885450000 - 0x00007ff885758000 	C:\WINDOWS\System32\combase.dll
0x00007ff883020000 - 0x00007ff883092000 	C:\WINDOWS\System32\bcryptPrimitives.dll
0x00007ff885260000 - 0x00007ff88528d000 	C:\WINDOWS\System32\IMM32.DLL
0x0000000062e80000 - 0x0000000062f52000 	C:\Program Files\Java\jre1.8.0_144\bin\msvcr100.dll
0x0000000062080000 - 0x000000006291d000 	C:\Program Files\Java\jre1.8.0_144\bin\server\jvm.dll
0x00007ff885250000 - 0x00007ff885258000 	C:\WINDOWS\System32\PSAPI.DLL
0x00007ff879c80000 - 0x00007ff879ca3000 	C:\WINDOWS\SYSTEM32\WINMM.dll
0x00007ff8788d0000 - 0x00007ff8788d9000 	C:\WINDOWS\SYSTEM32\WSOCK32.dll
0x00007ff8760c0000 - 0x00007ff8760ca000 	C:\WINDOWS\SYSTEM32\VERSION.dll
0x00007ff885ad0000 - 0x00007ff885b3c000 	C:\WINDOWS\System32\WS2_32.dll
0x00007ff879c50000 - 0x00007ff879c7a000 	C:\WINDOWS\SYSTEM32\WINMMBASE.dll
0x00007ff882420000 - 0x00007ff88246a000 	C:\WINDOWS\System32\cfgmgr32.dll
0x0000000063a90000 - 0x0000000063a9f000 	C:\Program Files\Java\jre1.8.0_144\bin\verify.dll
0x0000000062ff0000 - 0x0000000063019000 	C:\Program Files\Java\jre1.8.0_144\bin\java.dll
0x0000000062fd0000 - 0x0000000062fe6000 	C:\Program Files\Java\jre1.8.0_144\bin\zip.dll
0x00007ff883dd0000 - 0x00007ff885208000 	C:\WINDOWS\System32\SHELL32.dll
0x00007ff883270000 - 0x00007ff883316000 	C:\WINDOWS\System32\shcore.dll
0x00007ff8828b0000 - 0x00007ff882ff7000 	C:\WINDOWS\System32\windows.storage.dll
0x00007ff883730000 - 0x00007ff883781000 	C:\WINDOWS\System32\shlwapi.dll
0x00007ff881fd0000 - 0x00007ff881fe1000 	C:\WINDOWS\System32\kernel.appcore.dll
0x00007ff882030000 - 0x00007ff88207c000 	C:\WINDOWS\System32\powrprof.dll
0x00007ff882010000 - 0x00007ff88202b000 	C:\WINDOWS\System32\profapi.dll
0x00007ff85b0e0000 - 0x00007ff85b1cf000 	C:\Program Files\Java\jre1.8.0_144\bin\msvcr120.dll
0x00007ff85ae30000 - 0x00007ff85aed6000 	C:\Program Files\Java\jre1.8.0_144\bin\msvcp120.dll
0x0000000062e50000 - 0x0000000062e72000 	C:\Program Files\Java\jre1.8.0_144\bin\prism_d3d.dll
0x00007ff854630000 - 0x00007ff8547c5000 	C:\WINDOWS\system32\d3d9.dll
0x00007ff880490000 - 0x00007ff8804ba000 	C:\WINDOWS\SYSTEM32\dwmapi.dll
0x00007ff880260000 - 0x00007ff8802f5000 	C:\WINDOWS\system32\uxtheme.dll
0x00007ff841050000 - 0x00007ff84358e000 	C:\WINDOWS\SYSTEM32\igdumdim64.dll
0x00007ff885380000 - 0x00007ff885445000 	C:\WINDOWS\System32\OLEAUT32.dll
0x00007ff883320000 - 0x00007ff883469000 	C:\WINDOWS\System32\ole32.dll
0x00007ff883980000 - 0x00007ff883dce000 	C:\WINDOWS\System32\SETUPAPI.dll
0x0000000062c10000 - 0x0000000062c53000 	C:\Program Files\Java\jre1.8.0_144\bin\glass.dll
0x00007ff885b40000 - 0x00007ff885c4a000 	C:\WINDOWS\System32\COMDLG32.dll
0x00007ff883510000 - 0x00007ff883677000 	C:\WINDOWS\System32\MSCTF.dll
0x00007ff8687d0000 - 0x00007ff869210000 	C:\WINDOWS\SYSTEM32\igdusc64.dll
0x0000000062e30000 - 0x0000000062e44000 	C:\Program Files\Java\jre1.8.0_144\bin\javafx_font.dll
0x00007ff876d90000 - 0x00007ff8770a0000 	C:\WINDOWS\SYSTEM32\dwrite.dll
0x00007ff883470000 - 0x00007ff88350e000 	C:\WINDOWS\System32\clbcatq.dll
0x00007ff876810000 - 0x00007ff8769bb000 	C:\WINDOWS\SYSTEM32\WindowsCodecs.dll
0x00007ff8665b0000 - 0x00007ff8665ff000 	C:\WINDOWS\system32\dataexchange.dll
0x00007ff87edb0000 - 0x00007ff87eef2000 	C:\WINDOWS\system32\dcomp.dll
0x00007ff87f330000 - 0x00007ff87f612000 	C:\WINDOWS\system32\d3d11.dll
0x00007ff880e30000 - 0x00007ff880edf000 	C:\WINDOWS\system32\dxgi.dll
0x00007ff8805e0000 - 0x00007ff88075b000 	C:\WINDOWS\system32\twinapi.appcore.dll
0x00007ff8805c0000 - 0x00007ff8805e0000 	C:\WINDOWS\system32\RMCLIENT.dll
0x00007ff881b30000 - 0x00007ff881b55000 	C:\WINDOWS\system32\bcrypt.dll
0x00007ff867120000 - 0x00007ff867154000 	C:\Program Files\Common Files\Microsoft Shared\Ink\rtscom.dll
0x00007ff86a460000 - 0x00007ff86a4f8000 	C:\WINDOWS\System32\TextInputFramework.dll
0x00007ff86a170000 - 0x00007ff86a45e000 	C:\WINDOWS\System32\CoreUIComponents.dll
0x00007ff881130000 - 0x00007ff881161000 	C:\WINDOWS\SYSTEM32\ntmarta.dll
0x00007ff87f620000 - 0x00007ff87f6fc000 	C:\WINDOWS\System32\CoreMessaging.dll
0x00007ff87e310000 - 0x00007ff87e446000 	C:\WINDOWS\SYSTEM32\wintypes.dll
0x0000000062d40000 - 0x0000000062d63000 	C:\Program Files\Java\jre1.8.0_144\bin\javafx_iio.dll
0x0000000062bf0000 - 0x0000000062c01000 	C:\Program Files\Java\jre1.8.0_144\bin\prism_common.dll
0x0000000062fb0000 - 0x0000000062fca000 	C:\Program Files\Java\jre1.8.0_144\bin\net.dll
0x00007ff881800000 - 0x00007ff881866000 	C:\WINDOWS\system32\mswsock.dll
0x00007ff8815d0000 - 0x00007ff881686000 	C:\WINDOWS\SYSTEM32\DNSAPI.dll
0x00007ff885240000 - 0x00007ff885248000 	C:\WINDOWS\System32\NSI.dll
0x00007ff881590000 - 0x00007ff8815c9000 	C:\WINDOWS\SYSTEM32\IPHLPAPI.DLL
0x00007ff87b7d0000 - 0x00007ff87b7da000 	C:\Windows\System32\rasadhlp.dll
0x00007ff87bb50000 - 0x00007ff87bbc0000 	C:\WINDOWS\System32\fwpuclnt.dll
0x00007ff865bc0000 - 0x00007ff865c11000 	C:\Users\user\.javacpp\cache\librealsense-windows-x86_64.jar\org\bytedeco\javacpp\windows-x86_64\concrt140.dll
0x00007ff85bae0000 - 0x00007ff85bb7f000 	C:\WINDOWS\SYSTEM32\MSVCP140.dll
0x00007ff87c3c0000 - 0x00007ff87c3d6000 	C:\WINDOWS\SYSTEM32\VCRUNTIME140.dll
0x0000000062f90000 - 0x0000000062fa1000 	C:\Program Files\Java\jre1.8.0_144\bin\nio.dll
0x00007ff858ee0000 - 0x00007ff858f7d000 	C:\Users\user\.javacpp\cache\librealsense-windows-x86_64.jar\org\bytedeco\javacpp\windows-x86_64\msvcp140.dll
0x00007ff8774f0000 - 0x00007ff877507000 	C:\Users\user\.javacpp\cache\librealsense-windows-x86_64.jar\org\bytedeco\javacpp\windows-x86_64\vcruntime140.dll
0x0000000021d70000 - 0x0000000021d73000 	C:\Users\user\.javacpp\cache\librealsense-windows-x86_64.jar\org\bytedeco\javacpp\windows-x86_64\api-ms-win-crt-locale-l1-1-0.dll
0x0000000021d80000 - 0x0000000021d84000 	C:\Users\user\.javacpp\cache\librealsense-windows-x86_64.jar\org\bytedeco\javacpp\windows-x86_64\api-ms-win-crt-string-l1-1-0.dll
0x0000000021d90000 - 0x0000000021d94000 	C:\Users\user\.javacpp\cache\librealsense-windows-x86_64.jar\org\bytedeco\javacpp\windows-x86_64\api-ms-win-crt-stdio-l1-1-0.dll
0x0000000021da0000 - 0x0000000021da5000 	C:\Users\user\.javacpp\cache\librealsense-windows-x86_64.jar\org\bytedeco\javacpp\windows-x86_64\api-ms-win-crt-math-l1-1-0.dll
0x0000000021db0000 - 0x0000000021db3000 	C:\Users\user\.javacpp\cache\librealsense-windows-x86_64.jar\org\bytedeco\javacpp\windows-x86_64\api-ms-win-crt-heap-l1-1-0.dll
0x0000000021dc0000 - 0x0000000021dc4000 	C:\Users\user\.javacpp\cache\librealsense-windows-x86_64.jar\org\bytedeco\javacpp\windows-x86_64\api-ms-win-crt-runtime-l1-1-0.dll
0x0000000021dd0000 - 0x0000000021dd4000 	C:\Users\user\.javacpp\cache\librealsense-windows-x86_64.jar\org\bytedeco\javacpp\windows-x86_64\api-ms-win-crt-convert-l1-1-0.dll
0x0000000028630000 - 0x0000000028633000 	C:\Users\user\.javacpp\cache\librealsense-windows-x86_64.jar\org\bytedeco\javacpp\windows-x86_64\api-ms-win-crt-environment-l1-1-0.dll
0x0000000028640000 - 0x0000000028643000 	C:\Users\user\.javacpp\cache\librealsense-windows-x86_64.jar\org\bytedeco\javacpp\windows-x86_64\api-ms-win-crt-time-l1-1-0.dll
0x0000000028650000 - 0x0000000028653000 	C:\Users\user\.javacpp\cache\librealsense-windows-x86_64.jar\org\bytedeco\javacpp\windows-x86_64\api-ms-win-crt-filesystem-l1-1-0.dll
0x0000000028660000 - 0x0000000028663000 	C:\Users\user\.javacpp\cache\librealsense-windows-x86_64.jar\org\bytedeco\javacpp\windows-x86_64\api-ms-win-crt-utility-l1-1-0.dll
0x00007ff87f700000 - 0x00007ff87fcb8000 	C:\WINDOWS\SYSTEM32\d2d1.dll
0x00007ff882470000 - 0x00007ff88263e000 	C:\WINDOWS\System32\CRYPT32.dll
0x00007ff881ff0000 - 0x00007ff882002000 	C:\WINDOWS\System32\MSASN1.dll
0x0000000028670000 - 0x0000000028675000 	C:\Users\user\.javacpp\cache\librealsense-windows-x86_64.jar\org\bytedeco\javacpp\windows-x86_64\api-ms-win-crt-multibyte-l1-1-0.dll
0x00007ff854ad0000 - 0x00007ff85523c000 	C:\WINDOWS\SYSTEM32\D3D10Warp.dll
0x00007ff881f00000 - 0x00007ff881f29000 	C:\WINDOWS\SYSTEM32\USERENV.dll
0x00007ff84f830000 - 0x00007ff84fb34000 	C:\Users\user\.javacpp\cache\opencv-windows-x86_64.jar\org\bytedeco\javacpp\windows-x86_64\opencv_core341.dll
0x00007ff84e320000 - 0x00007ff84e725000 	C:\Users\user\.javacpp\cache\opencv-windows-x86_64.jar\org\bytedeco\javacpp\windows-x86_64\opencv_imgproc341.dll
0x00007ff84f4a0000 - 0x00007ff84f82e000 	C:\Users\user\.javacpp\cache\opencv-windows-x86_64.jar\org\bytedeco\javacpp\windows-x86_64\jniopencv_core.dll
0x00007ff858820000 - 0x00007ff858976000 	C:\Users\user\.javacpp\cache\opencv-windows-x86_64.jar\org\bytedeco\javacpp\windows-x86_64\jniopencv_imgproc.dll
0x00007ff84e050000 - 0x00007ff84e31f000 	C:\Users\user\.javacpp\cache\opencv-windows-x86_64.jar\org\bytedeco\javacpp\windows-x86_64\opencv_imgcodecs341.dll
0x00007ff85bf20000 - 0x00007ff85bf54000 	C:\Users\user\.javacpp\cache\opencv-windows-x86_64.jar\org\bytedeco\javacpp\windows-x86_64\jniopencv_imgcodecs.dll
0x0000000066cc0000 - 0x000000006862e000 	C:\opencv\build\x64\vc14\bin\opencv_ffmpeg341_64.dll
0x00007ff87ab90000 - 0x00007ff87ab9c000 	C:\WINDOWS\SYSTEM32\Secur32.dll
0x00007ff881ed0000 - 0x00007ff881f00000 	C:\WINDOWS\SYSTEM32\SSPICLI.DLL
0x00007ff85abe0000 - 0x00007ff85ac31000 	C:\Users\user\.javacpp\cache\opencv-windows-x86_64.jar\org\bytedeco\javacpp\windows-x86_64\opencv_videoio341.dll
0x00007ff866010000 - 0x00007ff866039000 	C:\WINDOWS\SYSTEM32\MSVFW32.dll
0x00007ff874850000 - 0x00007ff87486f000 	C:\WINDOWS\SYSTEM32\AVIFIL32.dll
0x00007ff8777e0000 - 0x00007ff8777fc000 	C:\WINDOWS\SYSTEM32\MSACM32.dll
0x00007ff873b50000 - 0x00007ff873b68000 	C:\WINDOWS\SYSTEM32\AVICAP32.dll
0x00007ff866260000 - 0x00007ff86627f000 	C:\Users\user\.javacpp\cache\opencv-windows-x86_64.jar\org\bytedeco\javacpp\windows-x86_64\jniopencv_videoio.dll
0x00007ff8660b0000 - 0x00007ff8660c8000 	C:\Windows\System32\devenum.dll
0x00007ff881de0000 - 0x00007ff881e07000 	C:\WINDOWS\SYSTEM32\DEVOBJ.dll
0x00007ff882320000 - 0x00007ff882378000 	C:\WINDOWS\System32\WINTRUST.dll
0x00007ff878440000 - 0x00007ff87844a000 	C:\WINDOWS\SYSTEM32\msdmo.dll
0x00007ff85ba50000 - 0x00007ff85ba83000 	C:\Windows\System32\qcap.dll
0x00007ff850f80000 - 0x00007ff85113c000 	C:\Windows\System32\quartz.dll
0x00007ff87d210000 - 0x00007ff87d27f000 	C:\WINDOWS\SYSTEM32\MMDevAPI.DLL
0x00007ff87e5e0000 - 0x00007ff87e791000 	C:\WINDOWS\SYSTEM32\PROPSYS.dll
0x00007ff865c20000 - 0x00007ff865c62000 	C:\WINDOWS\SYSTEM32\wdmaud.drv
0x00007ff87d350000 - 0x00007ff87d35a000 	C:\WINDOWS\SYSTEM32\AVRT.dll
0x00007ff87df00000 - 0x00007ff87df09000 	C:\WINDOWS\SYSTEM32\ksuser.dll
0x00007ff880ae0000 - 0x00007ff880ca8000 	C:\WINDOWS\SYSTEM32\dbghelp.dll
0x00007ff877560000 - 0x00007ff877682000 	C:\WINDOWS\SYSTEM32\AUDIOSES.DLL

VM Arguments:
jvm_args: -Dfile.encoding=UTF-8 
java_command: application.Main
java_class_path (initial): C:\Users\user\Desktop\proga\programms\Java\OnlinePoker\Client\bin;C:\javacv-bin\artoolkitplus-windows-x86.jar;C:\javacv-bin\artoolkitplus-windows-x86_64.jar;C:\javacv-bin\ffmpeg-windows-x86.jar;C:\javacv-bin\ffmpeg-windows-x86_64.jar;C:\javacv-bin\flandmark-windows-x86.jar;C:\javacv-bin\flandmark-windows-x86_64.jar;C:\javacv-bin\flycapture-windows-x86.jar;C:\javacv-bin\flycapture-windows-x86_64.jar;C:\javacv-bin;C:\javacv-bin\javacpp.jar;C:\javacv-bin\opencv.jar;C:\javacv-bin\ffmpeg.jar;C:\javacv-bin\flycapture.jar;C:\javacv-bin\libdc1394.jar;C:\javacv-bin\libfreenect.jar;C:\javacv-bin\libfreenect2.jar;C:\javacv-bin\librealsense.jar;C:\javacv-bin\videoinput.jar;C:\javacv-bin\artoolkitplus.jar;C:\javacv-bin\flandmark.jar;C:\javacv-bin\javacv.jar;C:\javacv-bin\libdc1394-windows-x86.jar;C:\javacv-bin\libdc1394-windows-x86_64.jar;C:\javacv-bin\libfreenect-windows-x86.jar;C:\javacv-bin\libfreenect-windows-x86_64.jar;C:\javacv-bin\librealsense-windows-x86.jar;C:\javacv-bin\librealsense-windows-x86_64.jar;C:\javacv-bin\opencv-windows-x86.jar;C:\javacv-bin\opencv-windows-x86_64.jar;C:\javacv-bin\videoinput-windows-x86.jar;C:\javacv-bin\videoinput-windows-x86_64.jar
Launcher Type: SUN_STANDARD

Environment Variables:
JAVA_HOME=C:\Program Files\Java\jdk1.8.0_144
PATH=C:/Program Files/Java/jre1.8.0_144/bin/server;C:/Program Files/Java/jre1.8.0_144/bin;C:/Program Files/Java/jre1.8.0_144/lib/amd64;C:\ProgramData\Oracle\Java\javapath;C:\Program Files (x86)\Common Files\Intel\Shared Files\cpp\bin\Intel64;C:\Program Files (x86)\Lenovo\FusionEngine;C:\WINDOWS\system32;C:\WINDOWS;C:\WINDOWS\System32\Wbem;C:\WINDOWS\System32\WindowsPowerShell\v1.0\;C:\Program Files (x86)\ATI Technologies\ATI.ACE\Core-Static;c:\Program Files (x86)\Microsoft SQL Server\100\Tools\Binn\;c:\Program Files\Microsoft SQL Server\100\Tools\Binn\;c:\Program Files\Microsoft SQL Server\100\DTS\Binn\;C:\Program Files\Intel\WiFi\bin\;C:\Program Files\Common Files\Intel\WirelessCommon\;C:\Program Files (x86)\Visual Leak Detector\bin\Win32;C:\Program Files (x86)\Visual Leak Detector\bin\Win64;C:\Program Files (x86)\Skype\Phone\;C:\Program Files\Git\cmd;C:\opencv\build\x64\vc14\bin;C:\Users\user\AppData\Local\Microsoft\WindowsApps;;C:\Program Files\Java\eclipse;
USERNAME=user
OS=Windows_NT
PROCESSOR_IDENTIFIER=Intel64 Family 6 Model 61 Stepping 4, GenuineIntel



---------------  S Y S T E M  ---------------

OS: Windows 10.0 , 64 bit Build 16299 (10.0.16299.431)

CPU:total 4 (initial active 4) (2 cores per cpu, 2 threads per core) family 6 model 61 stepping 4, cmov, cx8, fxsr, mmx, sse, sse2, sse3, ssse3, sse4.1, sse4.2, popcnt, avx, avx2, aes, clmul, erms, 3dnowpref, lzcnt, ht, tsc, tscinvbit, bmi1, bmi2, adx

Memory: 4k page, physical 8300392k(3788168k free), swap 9611112k(3147268k free)

vm_info: Java HotSpot(TM) 64-Bit Server VM (25.144-b01) for windows-amd64 JRE (1.8.0_144-b01), built on Jul 21 2017 21:57:33 by "java_re" with MS VC++ 10.0 (VS2010)

time: Tue May 15 17:21:04 2018
elapsed time: 3 seconds (0d 0h 0m 3s)

