#
# A fatal error has been detected by the Java Runtime Environment:
#
#  EXCEPTION_ACCESS_VIOLATION (0xc0000005) at pc=0x00007ff8655e52e8, pid=7828, tid=0x0000000000002ca8
#
# JRE version: Java(TM) SE Runtime Environment (8.0_144-b01) (build 1.8.0_144-b01)
# Java VM: Java HotSpot(TM) 64-Bit Server VM (25.144-b01 mixed mode windows-amd64 compressed oops)
# Problematic frame:
# C  [opencv_videoio341.dll+0x152e8]
#
# Failed to write core dump. Minidumps are not enabled by default on client versions of Windows
#
# If you would like to submit a bug report, please visit:
#   http://bugreport.java.com/bugreport/crash.jsp
# The crash happened outside the Java Virtual Machine in native code.
# See problematic frame for where to report the bug.
#

---------------  T H R E A D  ---------------

Current thread (0x000000001b75d000):  JavaThread "pool-6-thread-1" [_thread_in_native, id=11432, stack(0x0000000027910000,0x0000000027a10000)]

siginfo: ExceptionCode=0xc0000005, reading address 0x0000000000000000

Registers:
RAX=0x0000000000000000, RBX=0x00007ff865618ff0, RCX=0x0000000000000000, RDX=0x0000000021274868
RSP=0x0000000027a0eb00, RBP=0x0000000027a0ec00, RSI=0x0000000000000000, RDI=0x0000000024b196e0
R8 =0x0000000024b1989c, R9 =0x0000000000008000, R10=0x00000000211d3a70, R11=0x0000000027a0ead0
R12=0x0000000024b19708, R13=0x0000000024b19710, R14=0x0000000000000000, R15=0x000000001b75d000
RIP=0x00007ff8655e52e8, EFLAGS=0x0000000000010246

Top of Stack: (sp=0x0000000027a0eb00)
0x0000000027a0eb00:   00007ff865618ff0 0000000000000000
0x0000000027a0eb10:   0000000024b196e0 0000000000000000
0x0000000027a0eb20:   0000000024b1979c 0000000027a0ef58
0x0000000027a0eb30:   0000000000000000 00000000211ec4d8
0x0000000027a0eb40:   0000000027cd3ad0 0000000024beedf0
0x0000000027a0eb50:   000000001b75d000 0000000027a0ef58
0x0000000027a0eb60:   0000000000000000 0000000000000000
0x0000000027a0eb70:   0000000027cd3ad0 0000000024beedf0
0x0000000027a0eb80:   00007ff865618ff0 00007ff88316984c
0x0000000027a0eb90:   00000000211d4060 0000000024beedf0
0x0000000027a0eba0:   00007ff865618ff0 00007ff85bf271a7
0x0000000027a0ebb0:   00000000211d4060 00007ff85bf24650
0x0000000027a0ebc0:   00000000211d4060 0000000024beedf0
0x0000000027a0ebd0:   0000000000000000 0000000000000000
0x0000000027a0ebe0:   0000422167e67f79 00007ff8655e24ca
0x0000000027a0ebf0:   0000000000000003 00007ff865618ff0 

Instructions: (pc=0x00007ff8655e52e8)
0x00007ff8655e52c8:   00 e8 c2 ce ff ff 44 8b f0 85 c0 0f 88 48 05 00
0x00007ff8655e52d8:   00 49 8b 4d 00 4c 8d 87 bc 01 00 00 48 8b 57 40
0x00007ff8655e52e8:   48 8b 01 ff 50 18 48 8b 4f 28 48 8d 54 24 68 4c
0x00007ff8655e52f8:   8b 4f 40 4c 8d 05 8e 75 01 00 48 89 54 24 28 48 


Register to memory mapping:

RAX=0x0000000000000000 is an unknown value
RBX=0x00007ff865618ff0 is an unknown value
RCX=0x0000000000000000 is an unknown value
RDX=0x0000000021274868 is an unknown value
RSP=0x0000000027a0eb00 is pointing into the stack for thread: 0x000000001b75d000
RBP=0x0000000027a0ec00 is pointing into the stack for thread: 0x000000001b75d000
RSI=0x0000000000000000 is an unknown value
RDI=0x0000000024b196e0 is an unknown value
R8 =0x0000000024b1989c is an unknown value
R9 =0x0000000000008000 is an unknown value
R10=0x00000000211d3a70 is an unknown value
R11=0x0000000027a0ead0 is pointing into the stack for thread: 0x000000001b75d000
R12=0x0000000024b19708 is an unknown value
R13=0x0000000024b19710 is an unknown value
R14=0x0000000000000000 is an unknown value
R15=0x000000001b75d000 is a thread


Stack: [0x0000000027910000,0x0000000027a10000],  sp=0x0000000027a0eb00,  free space=1018k
Native frames: (J=compiled Java code, j=interpreted, Vv=VM code, C=native code)
C  [opencv_videoio341.dll+0x152e8]
C  [opencv_videoio341.dll+0x137ac]
C  [opencv_videoio341.dll+0x10deb]
C  [opencv_videoio341.dll+0x1377]
C  [opencv_videoio341.dll+0x256c]
C  [opencv_videoio341.dll+0x322d]
C  [opencv_videoio341.dll+0x1819]
C  [jniopencv_videoio.dll+0x6a10]
C  0x0000000005067f74

Java frames: (J=compiled Java code, j=interpreted, Vv=VM code)
j  org.bytedeco.javacpp.opencv_videoio$VideoCapture.allocate(I)V+0
j  org.bytedeco.javacpp.opencv_videoio$VideoCapture.<init>(I)V+10
j  org.bytedeco.javacv.OpenCVFrameGrabber.start()V+44
j  webcam.WebCamManipulation.getWebCamImage()Lorg/bytedeco/javacpp/opencv_core$IplImage;+19
j  client.WebCamClient.run()V+19
j  java.util.concurrent.ThreadPoolExecutor.runWorker(Ljava/util/concurrent/ThreadPoolExecutor$Worker;)V+95
j  java.util.concurrent.ThreadPoolExecutor$Worker.run()V+5
j  java.lang.Thread.run()V+11
v  ~StubRoutines::call_stub

---------------  P R O C E S S  ---------------

Java Threads: ( => current thread )
  0x000000001b764000 JavaThread "JavaCPP Deallocator" daemon [_thread_blocked, id=3888, stack(0x0000000027d10000,0x0000000027e10000)]
  0x000000001b75e800 JavaThread "pool-6-thread-2" [_thread_in_native, id=9916, stack(0x0000000027a10000,0x0000000027b10000)]
=>0x000000001b75d000 JavaThread "pool-6-thread-1" [_thread_in_native, id=11432, stack(0x0000000027910000,0x0000000027a10000)]
  0x000000001b7b5000 JavaThread "pool-4-thread-1" [_thread_in_Java, id=10048, stack(0x0000000027810000,0x0000000027910000)]
  0x000000001b776800 JavaThread "pool-3-thread-1" [_thread_in_native, id=8660, stack(0x0000000027710000,0x0000000027810000)]
  0x0000000020a1c000 JavaThread "Prism Font Disposer" daemon [_thread_blocked, id=5540, stack(0x00000000237a0000,0x00000000238a0000)]
  0x00000000206a4000 JavaThread "Thread-3" daemon [_thread_in_native, id=7332, stack(0x0000000020dc0000,0x0000000020ec0000)]
  0x000000001b8fb800 JavaThread "JavaFX-Launcher" [_thread_blocked, id=8496, stack(0x0000000020ec0000,0x0000000020fc0000)]
  0x000000001b8df800 JavaThread "JavaFX Application Thread" [_thread_in_native, id=10068, stack(0x000000001bf30000,0x000000001c030000)]
  0x000000001b8dc000 JavaThread "Thread-1" daemon [_thread_blocked, id=1860, stack(0x000000001be20000,0x000000001bf20000)]
  0x000000001b8ba800 JavaThread "QuantumRenderer-0" daemon [_thread_blocked, id=8896, stack(0x000000001bc50000,0x000000001bd50000)]
  0x000000001b538800 JavaThread "Service Thread" daemon [_thread_blocked, id=2336, stack(0x000000001b910000,0x000000001ba10000)]
  0x0000000019bcf800 JavaThread "C1 CompilerThread2" daemon [_thread_blocked, id=1228, stack(0x000000001b410000,0x000000001b510000)]
  0x0000000019bc3000 JavaThread "C2 CompilerThread1" daemon [_thread_blocked, id=8324, stack(0x000000001b310000,0x000000001b410000)]
  0x0000000019bbf000 JavaThread "C2 CompilerThread0" daemon [_thread_blocked, id=932, stack(0x000000001b210000,0x000000001b310000)]
  0x0000000019bbd800 JavaThread "Attach Listener" daemon [_thread_blocked, id=12136, stack(0x000000001b110000,0x000000001b210000)]
  0x000000000504c800 JavaThread "Signal Dispatcher" daemon [_thread_blocked, id=9764, stack(0x000000001b010000,0x000000001b110000)]
  0x000000000504b000 JavaThread "Finalizer" daemon [_thread_blocked, id=10780, stack(0x000000001ae10000,0x000000001af10000)]
  0x0000000005040000 JavaThread "Reference Handler" daemon [_thread_blocked, id=9172, stack(0x000000001ad10000,0x000000001ae10000)]
  0x0000000004f4d800 JavaThread "main" [_thread_blocked, id=6628, stack(0x0000000004e30000,0x0000000004f30000)]

Other Threads:
  0x0000000019b87800 VMThread [stack: 0x000000001ac10000,0x000000001ad10000] [id=7944]
  0x000000001b55c000 WatcherThread [stack: 0x000000001bb50000,0x000000001bc50000] [id=6804]

VM state:not at safepoint (normal execution)

VM Mutex/Monitor currently owned by a thread: None

Heap:
 PSYoungGen      total 38400K, used 29318K [0x00000000d5c00000, 0x00000000da700000, 0x0000000100000000)
  eden space 33280K, 88% used [0x00000000d5c00000,0x00000000d78a1bd0,0x00000000d7c80000)
  from space 5120K, 0% used [0x00000000d7c80000,0x00000000d7c80000,0x00000000d8180000)
  to   space 5120K, 0% used [0x00000000da200000,0x00000000da200000,0x00000000da700000)
 ParOldGen       total 73216K, used 15464K [0x0000000081400000, 0x0000000085b80000, 0x00000000d5c00000)
  object space 73216K, 21% used [0x0000000081400000,0x000000008231a0a0,0x0000000085b80000)
 Metaspace       used 20958K, capacity 22006K, committed 22064K, reserved 1069056K
  class space    used 2875K, capacity 3114K, committed 3120K, reserved 1048576K

Card table byte_map: [0x0000000014410000,0x0000000014810000] byte_map_base: 0x0000000014006000

Marking Bits: (ParMarkBitMap*) 0x000000006289d850
 Begin Bits: [0x0000000014ec0000, 0x0000000016e70000)
 End Bits:   [0x0000000016e70000, 0x0000000018e20000)

Polling page: 0x0000000004d30000

CodeCache: size=245760Kb used=8008Kb max_used=8019Kb free=237751Kb
 bounds [0x0000000005050000, 0x0000000005830000, 0x0000000014050000]
 total_blobs=3129 nmethods=2358 adapters=682
 compilation: enabled

Compilation events (10 events):
Event: 8.321 Thread 0x0000000019bcf800 2388   !   3       java.nio.file.Files::isSymbolicLink (25 bytes)
Event: 8.322 Thread 0x0000000019bcf800 nmethod 2388 0x0000000005824350 code [0x0000000005824520, 0x0000000005824c68]
Event: 8.322 Thread 0x0000000019bcf800 2389       3       java.nio.file.Files::readAttributes (11 bytes)
Event: 8.322 Thread 0x0000000019bbf000 2390       4       javafx.scene.Node::localToScene (21 bytes)
Event: 8.322 Thread 0x0000000019bcf800 nmethod 2389 0x0000000005823c10 code [0x0000000005823da0, 0x0000000005824188]
Event: 8.325 Thread 0x0000000019bcf800 2391       3       org.bytedeco.javacpp.tools.Logger::isDebugEnabled (4 bytes)
Event: 8.325 Thread 0x0000000019bcf800 nmethod 2391 0x00000000058238d0 code [0x0000000005823a20, 0x0000000005823b90]
Event: 8.329 Thread 0x0000000019bbf000 nmethod 2390 0x0000000005828d50 code [0x0000000005828f00, 0x0000000005829328]
Event: 8.362 Thread 0x0000000019bcf800 2392       3       com.sun.javafx.tk.Toolkit::isFxUserThread (15 bytes)
Event: 8.362 Thread 0x0000000019bcf800 nmethod 2392 0x0000000005823510 code [0x0000000005823660, 0x0000000005823830]

GC Heap History (8 events):
Event: 0.991 GC heap before
{Heap before GC invocations=1 (full 0):
 PSYoungGen      total 38400K, used 33280K [0x00000000d5c00000, 0x00000000d8680000, 0x0000000100000000)
  eden space 33280K, 100% used [0x00000000d5c00000,0x00000000d7c80000,0x00000000d7c80000)
  from space 5120K, 0% used [0x00000000d8180000,0x00000000d8180000,0x00000000d8680000)
  to   space 5120K, 0% used [0x00000000d7c80000,0x00000000d7c80000,0x00000000d8180000)
 ParOldGen       total 87552K, used 0K [0x0000000081400000, 0x0000000086980000, 0x00000000d5c00000)
  object space 87552K, 0% used [0x0000000081400000,0x0000000081400000,0x0000000086980000)
 Metaspace       used 13889K, capacity 14354K, committed 14464K, reserved 1060864K
  class space    used 1985K, capacity 2141K, committed 2176K, reserved 1048576K
Event: 0.999 GC heap after
Heap after GC invocations=1 (full 0):
 PSYoungGen      total 38400K, used 5094K [0x00000000d5c00000, 0x00000000d8680000, 0x0000000100000000)
  eden space 33280K, 0% used [0x00000000d5c00000,0x00000000d5c00000,0x00000000d7c80000)
  from space 5120K, 99% used [0x00000000d7c80000,0x00000000d81798b0,0x00000000d8180000)
  to   space 5120K, 0% used [0x00000000d8180000,0x00000000d8180000,0x00000000d8680000)
 ParOldGen       total 87552K, used 1880K [0x0000000081400000, 0x0000000086980000, 0x00000000d5c00000)
  object space 87552K, 2% used [0x0000000081400000,0x00000000815d6010,0x0000000086980000)
 Metaspace       used 13889K, capacity 14354K, committed 14464K, reserved 1060864K
  class space    used 1985K, capacity 2141K, committed 2176K, reserved 1048576K
}
Event: 6.986 GC heap before
{Heap before GC invocations=2 (full 0):
 PSYoungGen      total 38400K, used 38374K [0x00000000d5c00000, 0x00000000d8680000, 0x0000000100000000)
  eden space 33280K, 100% used [0x00000000d5c00000,0x00000000d7c80000,0x00000000d7c80000)
  from space 5120K, 99% used [0x00000000d7c80000,0x00000000d81798b0,0x00000000d8180000)
  to   space 5120K, 0% used [0x00000000d8180000,0x00000000d8180000,0x00000000d8680000)
 ParOldGen       total 87552K, used 1880K [0x0000000081400000, 0x0000000086980000, 0x00000000d5c00000)
  object space 87552K, 2% used [0x0000000081400000,0x00000000815d6010,0x0000000086980000)
 Metaspace       used 19652K, capacity 20644K, committed 20736K, reserved 1067008K
  class space    used 2744K, capacity 2981K, committed 3072K, reserved 1048576K
Event: 7.035 GC heap after
Heap after GC invocations=2 (full 0):
 PSYoungGen      total 38400K, used 5112K [0x00000000d5c00000, 0x00000000d8680000, 0x0000000100000000)
  eden space 33280K, 0% used [0x00000000d5c00000,0x00000000d5c00000,0x00000000d7c80000)
  from space 5120K, 99% used [0x00000000d8180000,0x00000000d867e348,0x00000000d8680000)
  to   space 5120K, 0% used [0x00000000d7c80000,0x00000000d7c80000,0x00000000d8180000)
 ParOldGen       total 87552K, used 11174K [0x0000000081400000, 0x0000000086980000, 0x00000000d5c00000)
  object space 87552K, 12% used [0x0000000081400000,0x0000000081ee9bb8,0x0000000086980000)
 Metaspace       used 19652K, capacity 20644K, committed 20736K, reserved 1067008K
  class space    used 2744K, capacity 2981K, committed 3072K, reserved 1048576K
}
Event: 7.230 GC heap before
{Heap before GC invocations=3 (full 0):
 PSYoungGen      total 38400K, used 11002K [0x00000000d5c00000, 0x00000000d8680000, 0x0000000100000000)
  eden space 33280K, 17% used [0x00000000d5c00000,0x00000000d61c05a0,0x00000000d7c80000)
  from space 5120K, 99% used [0x00000000d8180000,0x00000000d867e348,0x00000000d8680000)
  to   space 5120K, 0% used [0x00000000d7c80000,0x00000000d7c80000,0x00000000d8180000)
 ParOldGen       total 87552K, used 11174K [0x0000000081400000, 0x0000000086980000, 0x00000000d5c00000)
  object space 87552K, 12% used [0x0000000081400000,0x0000000081ee9bb8,0x0000000086980000)
 Metaspace       used 20293K, capacity 21200K, committed 21296K, reserved 1067008K
  class space    used 2850K, capacity 3081K, committed 3120K, reserved 1048576K
Event: 7.237 GC heap after
Heap after GC invocations=3 (full 0):
 PSYoungGen      total 38400K, used 5112K [0x00000000d5c00000, 0x00000000da700000, 0x0000000100000000)
  eden space 33280K, 0% used [0x00000000d5c00000,0x00000000d5c00000,0x00000000d7c80000)
  from space 5120K, 99% used [0x00000000d7c80000,0x00000000d817e328,0x00000000d8180000)
  to   space 5120K, 0% used [0x00000000da200000,0x00000000da200000,0x00000000da700000)
 ParOldGen       total 87552K, used 11719K [0x0000000081400000, 0x0000000086980000, 0x00000000d5c00000)
  object space 87552K, 13% used [0x0000000081400000,0x0000000081f71e68,0x0000000086980000)
 Metaspace       used 20293K, capacity 21200K, committed 21296K, reserved 1067008K
  class space    used 2850K, capacity 3081K, committed 3120K, reserved 1048576K
}
Event: 7.237 GC heap before
{Heap before GC invocations=4 (full 1):
 PSYoungGen      total 38400K, used 5112K [0x00000000d5c00000, 0x00000000da700000, 0x0000000100000000)
  eden space 33280K, 0% used [0x00000000d5c00000,0x00000000d5c00000,0x00000000d7c80000)
  from space 5120K, 99% used [0x00000000d7c80000,0x00000000d817e328,0x00000000d8180000)
  to   space 5120K, 0% used [0x00000000da200000,0x00000000da200000,0x00000000da700000)
 ParOldGen       total 87552K, used 11719K [0x0000000081400000, 0x0000000086980000, 0x00000000d5c00000)
  object space 87552K, 13% used [0x0000000081400000,0x0000000081f71e68,0x0000000086980000)
 Metaspace       used 20293K, capacity 21200K, committed 21296K, reserved 1067008K
  class space    used 2850K, capacity 3081K, committed 3120K, reserved 1048576K
Event: 7.307 GC heap after
Heap after GC invocations=4 (full 1):
 PSYoungGen      total 38400K, used 0K [0x00000000d5c00000, 0x00000000da700000, 0x0000000100000000)
  eden space 33280K, 0% used [0x00000000d5c00000,0x00000000d5c00000,0x00000000d7c80000)
  from space 5120K, 0% used [0x00000000d7c80000,0x00000000d7c80000,0x00000000d8180000)
  to   space 5120K, 0% used [0x00000000da200000,0x00000000da200000,0x00000000da700000)
 ParOldGen       total 73216K, used 15464K [0x0000000081400000, 0x0000000085b80000, 0x00000000d5c00000)
  object space 73216K, 21% used [0x0000000081400000,0x000000008231a0a0,0x0000000085b80000)
 Metaspace       used 20293K, capacity 21200K, committed 21296K, reserved 1067008K
  class space    used 2850K, capacity 3081K, committed 3120K, reserved 1048576K
}

Deoptimization events (10 events):
Event: 1.106 Thread 0x000000001b8df800 Uncommon trap: reason=unstable_if action=reinterpret pc=0x000000000534b9a8 method=jdk.internal.org.objectweb.asm.Type.getArgumentsAndReturnSizes(Ljava/lang/String;)I @ 47
Event: 6.361 Thread 0x000000001b8df800 Uncommon trap: reason=unstable_if action=reinterpret pc=0x00000000054b11d4 method=javafx.scene.Node.updateLocalToParentTransform()V @ 4
Event: 6.547 Thread 0x000000001b75e800 Uncommon trap: reason=class_check action=maybe_recompile pc=0x00000000054ee50c method=java.util.HashMap.putVal(ILjava/lang/Object;Ljava/lang/Object;ZZ)Ljava/lang/Object; @ 203
Event: 6.547 Thread 0x000000001b75e800 Uncommon trap: reason=class_check action=maybe_recompile pc=0x00000000054ee50c method=java.util.HashMap.putVal(ILjava/lang/Object;Ljava/lang/Object;ZZ)Ljava/lang/Object; @ 203
Event: 6.547 Thread 0x000000001b75e800 Uncommon trap: reason=class_check action=maybe_recompile pc=0x00000000054ee50c method=java.util.HashMap.putVal(ILjava/lang/Object;Ljava/lang/Object;ZZ)Ljava/lang/Object; @ 203
Event: 6.552 Thread 0x000000001b75e800 Uncommon trap: reason=class_check action=maybe_recompile pc=0x00000000054ee46c method=java.util.HashMap.putVal(ILjava/lang/Object;Ljava/lang/Object;ZZ)Ljava/lang/Object; @ 253
Event: 6.553 Thread 0x000000001b75e800 Uncommon trap: reason=class_check action=maybe_recompile pc=0x00000000054ee46c method=java.util.HashMap.putVal(ILjava/lang/Object;Ljava/lang/Object;ZZ)Ljava/lang/Object; @ 253
Event: 6.631 Thread 0x000000001b75e800 Uncommon trap: reason=unstable_if action=reinterpret pc=0x00000000053a42c0 method=java.lang.String.lastIndexOf([CII[CIII)I @ 118
Event: 6.651 Thread 0x000000001b75e800 Uncommon trap: reason=unstable_if action=reinterpret pc=0x00000000053a49e4 method=java.lang.String.lastIndexOf([CII[CIII)I @ 118
Event: 6.656 Thread 0x000000001b8df800 Uncommon trap: reason=unstable_if action=reinterpret pc=0x00000000055d8014 method=java.io.ByteArrayInputStream.read()I @ 8

Internal exceptions (10 events):
Event: 8.327 Thread 0x000000001b75d000 Exception <a 'sun/nio/fs/WindowsException'> (0x00000000d788dc38) thrown at [C:\re\workspace\8-2-build-windows-amd64-cygwin\jdk8u144\9417\hotspot\src\share\vm\prims\jni.cpp, line 709]
Event: 8.327 Thread 0x000000001b75d000 Exception <a 'sun/nio/fs/WindowsException'> (0x00000000d788edb0) thrown at [C:\re\workspace\8-2-build-windows-amd64-cygwin\jdk8u144\9417\hotspot\src\share\vm\prims\jni.cpp, line 709]
Event: 8.328 Thread 0x000000001b75d000 Exception <a 'sun/nio/fs/WindowsException'> (0x00000000d788ff50) thrown at [C:\re\workspace\8-2-build-windows-amd64-cygwin\jdk8u144\9417\hotspot\src\share\vm\prims\jni.cpp, line 709]
Event: 8.329 Thread 0x000000001b75d000 Exception <a 'sun/nio/fs/WindowsException'> (0x00000000d78910f0) thrown at [C:\re\workspace\8-2-build-windows-amd64-cygwin\jdk8u144\9417\hotspot\src\share\vm\prims\jni.cpp, line 709]
Event: 8.330 Thread 0x000000001b75d000 Exception <a 'sun/nio/fs/WindowsException'> (0x00000000d78922e0) thrown at [C:\re\workspace\8-2-build-windows-amd64-cygwin\jdk8u144\9417\hotspot\src\share\vm\prims\jni.cpp, line 709]
Event: 8.330 Thread 0x000000001b75d000 Exception <a 'sun/nio/fs/WindowsException'> (0x00000000d7893458) thrown at [C:\re\workspace\8-2-build-windows-amd64-cygwin\jdk8u144\9417\hotspot\src\share\vm\prims\jni.cpp, line 709]
Event: 8.331 Thread 0x000000001b75d000 Exception <a 'sun/nio/fs/WindowsException'> (0x00000000d7894640) thrown at [C:\re\workspace\8-2-build-windows-amd64-cygwin\jdk8u144\9417\hotspot\src\share\vm\prims\jni.cpp, line 709]
Event: 8.332 Thread 0x000000001b75d000 Exception <a 'sun/nio/fs/WindowsException'> (0x00000000d78957e0) thrown at [C:\re\workspace\8-2-build-windows-amd64-cygwin\jdk8u144\9417\hotspot\src\share\vm\prims\jni.cpp, line 709]
Event: 8.333 Thread 0x000000001b75d000 Exception <a 'sun/nio/fs/WindowsException'> (0x00000000d78969a8) thrown at [C:\re\workspace\8-2-build-windows-amd64-cygwin\jdk8u144\9417\hotspot\src\share\vm\prims\jni.cpp, line 709]
Event: 8.333 Thread 0x000000001b75d000 Exception <a 'sun/nio/fs/WindowsException'> (0x00000000d78977d8) thrown at [C:\re\workspace\8-2-build-windows-amd64-cygwin\jdk8u144\9417\hotspot\src\share\vm\prims\jni.cpp, line 709]

Events (10 events):
Event: 7.864 loading class org/bytedeco/javacpp/opencv_imgcodecs
Event: 7.864 loading class org/bytedeco/javacpp/opencv_imgcodecs done
Event: 7.865 loading class org/bytedeco/javacpp/helper/opencv_imgcodecs
Event: 7.865 loading class org/bytedeco/javacpp/helper/opencv_imgcodecs done
Event: 8.160 Thread 0x000000001b75d000 DEOPT PACKING pc=0x0000000005720964 sp=0x0000000027a0d8c0
Event: 8.160 Thread 0x000000001b75d000 DEOPT UNPACKING pc=0x000000000509787f sp=0x0000000027a0d778 mode 0
Event: 8.170 loading class org/bytedeco/javacpp/opencv_videoio$CvCapture
Event: 8.170 loading class org/bytedeco/javacpp/opencv_videoio$CvCapture done
Event: 8.171 loading class org/bytedeco/javacpp/opencv_videoio$CvVideoWriter
Event: 8.171 loading class org/bytedeco/javacpp/opencv_videoio$CvVideoWriter done


Dynamic libraries:
0x00007ff6e78d0000 - 0x00007ff6e7907000 	C:\Program Files\Java\jre1.8.0_144\bin\javaw.exe
0x00007ff885c80000 - 0x00007ff885e60000 	C:\WINDOWS\SYSTEM32\ntdll.dll
0x00007ff883680000 - 0x00007ff88372e000 	C:\WINDOWS\System32\KERNEL32.DLL
0x00007ff882640000 - 0x00007ff8828a6000 	C:\WINDOWS\System32\KERNELBASE.dll
0x00007ff885760000 - 0x00007ff885801000 	C:\WINDOWS\System32\ADVAPI32.dll
0x00007ff883150000 - 0x00007ff8831ed000 	C:\WINDOWS\System32\msvcrt.dll
0x00007ff883790000 - 0x00007ff8837eb000 	C:\WINDOWS\System32\sechost.dll
0x00007ff885810000 - 0x00007ff88592f000 	C:\WINDOWS\System32\RPCRT4.dll
0x00007ff8837f0000 - 0x00007ff88397f000 	C:\WINDOWS\System32\USER32.dll
0x00007ff883000000 - 0x00007ff883020000 	C:\WINDOWS\System32\win32u.dll
0x00007ff8852f0000 - 0x00007ff885318000 	C:\WINDOWS\System32\GDI32.dll
0x00007ff882180000 - 0x00007ff882313000 	C:\WINDOWS\System32\gdi32full.dll
0x00007ff882380000 - 0x00007ff88241b000 	C:\WINDOWS\System32\msvcp_win.dll
0x00007ff882080000 - 0x00007ff882176000 	C:\WINDOWS\System32\ucrtbase.dll
0x00007ff866900000 - 0x00007ff866b69000 	C:\WINDOWS\WinSxS\amd64_microsoft.windows.common-controls_6595b64144ccf1df_6.0.16299.431_none_15c7d3ee93659e73\COMCTL32.dll
0x00007ff885450000 - 0x00007ff885758000 	C:\WINDOWS\System32\combase.dll
0x00007ff883020000 - 0x00007ff883092000 	C:\WINDOWS\System32\bcryptPrimitives.dll
0x00007ff885260000 - 0x00007ff88528d000 	C:\WINDOWS\System32\IMM32.DLL
0x0000000062e80000 - 0x0000000062f52000 	C:\Program Files\Java\jre1.8.0_144\bin\msvcr100.dll
0x0000000062080000 - 0x000000006291d000 	C:\Program Files\Java\jre1.8.0_144\bin\server\jvm.dll
0x00007ff885250000 - 0x00007ff885258000 	C:\WINDOWS\System32\PSAPI.DLL
0x00007ff8788d0000 - 0x00007ff8788d9000 	C:\WINDOWS\SYSTEM32\WSOCK32.dll
0x00007ff879c80000 - 0x00007ff879ca3000 	C:\WINDOWS\SYSTEM32\WINMM.dll
0x00007ff885ad0000 - 0x00007ff885b3c000 	C:\WINDOWS\System32\WS2_32.dll
0x00007ff879c50000 - 0x00007ff879c7a000 	C:\WINDOWS\SYSTEM32\WINMMBASE.dll
0x00007ff882420000 - 0x00007ff88246a000 	C:\WINDOWS\System32\cfgmgr32.dll
0x00007ff8760c0000 - 0x00007ff8760ca000 	C:\WINDOWS\SYSTEM32\VERSION.dll
0x0000000063a90000 - 0x0000000063a9f000 	C:\Program Files\Java\jre1.8.0_144\bin\verify.dll
0x0000000062ff0000 - 0x0000000063019000 	C:\Program Files\Java\jre1.8.0_144\bin\java.dll
0x0000000062fd0000 - 0x0000000062fe6000 	C:\Program Files\Java\jre1.8.0_144\bin\zip.dll
0x00007ff883dd0000 - 0x00007ff885208000 	C:\WINDOWS\System32\SHELL32.dll
0x00007ff883270000 - 0x00007ff883316000 	C:\WINDOWS\System32\shcore.dll
0x00007ff8828b0000 - 0x00007ff882ff7000 	C:\WINDOWS\System32\windows.storage.dll
0x00007ff883730000 - 0x00007ff883781000 	C:\WINDOWS\System32\shlwapi.dll
0x00007ff881fd0000 - 0x00007ff881fe1000 	C:\WINDOWS\System32\kernel.appcore.dll
0x00007ff882030000 - 0x00007ff88207c000 	C:\WINDOWS\System32\powrprof.dll
0x00007ff882010000 - 0x00007ff88202b000 	C:\WINDOWS\System32\profapi.dll
0x00007ff858b20000 - 0x00007ff858c0f000 	C:\Program Files\Java\jre1.8.0_144\bin\msvcr120.dll
0x00007ff85b2b0000 - 0x00007ff85b356000 	C:\Program Files\Java\jre1.8.0_144\bin\msvcp120.dll
0x0000000062e50000 - 0x0000000062e72000 	C:\Program Files\Java\jre1.8.0_144\bin\prism_d3d.dll
0x00007ff856ff0000 - 0x00007ff857185000 	C:\WINDOWS\system32\d3d9.dll
0x00007ff880490000 - 0x00007ff8804ba000 	C:\WINDOWS\SYSTEM32\dwmapi.dll
0x00007ff880260000 - 0x00007ff8802f5000 	C:\WINDOWS\system32\uxtheme.dll
0x00007ff841050000 - 0x00007ff84358e000 	C:\WINDOWS\SYSTEM32\igdumdim64.dll
0x00007ff885380000 - 0x00007ff885445000 	C:\WINDOWS\System32\OLEAUT32.dll
0x00007ff883320000 - 0x00007ff883469000 	C:\WINDOWS\System32\ole32.dll
0x00007ff883980000 - 0x00007ff883dce000 	C:\WINDOWS\System32\SETUPAPI.dll
0x0000000062c10000 - 0x0000000062c53000 	C:\Program Files\Java\jre1.8.0_144\bin\glass.dll
0x00007ff885b40000 - 0x00007ff885c4a000 	C:\WINDOWS\System32\COMDLG32.dll
0x00007ff883510000 - 0x00007ff883677000 	C:\WINDOWS\System32\MSCTF.dll
0x00007ff8687d0000 - 0x00007ff869210000 	C:\WINDOWS\SYSTEM32\igdusc64.dll
0x0000000062e30000 - 0x0000000062e44000 	C:\Program Files\Java\jre1.8.0_144\bin\javafx_font.dll
0x00007ff876d90000 - 0x00007ff8770a0000 	C:\WINDOWS\SYSTEM32\dwrite.dll
0x00007ff883470000 - 0x00007ff88350e000 	C:\WINDOWS\System32\clbcatq.dll
0x00007ff876810000 - 0x00007ff8769bb000 	C:\WINDOWS\SYSTEM32\WindowsCodecs.dll
0x00007ff8665b0000 - 0x00007ff8665ff000 	C:\WINDOWS\system32\dataexchange.dll
0x00007ff87edb0000 - 0x00007ff87eef2000 	C:\WINDOWS\system32\dcomp.dll
0x00007ff87f330000 - 0x00007ff87f612000 	C:\WINDOWS\system32\d3d11.dll
0x00007ff880e30000 - 0x00007ff880edf000 	C:\WINDOWS\system32\dxgi.dll
0x00007ff8805e0000 - 0x00007ff88075b000 	C:\WINDOWS\system32\twinapi.appcore.dll
0x00007ff8805c0000 - 0x00007ff8805e0000 	C:\WINDOWS\system32\RMCLIENT.dll
0x00007ff881b30000 - 0x00007ff881b55000 	C:\WINDOWS\system32\bcrypt.dll
0x00007ff86aa10000 - 0x00007ff86aa44000 	C:\Program Files\Common Files\Microsoft Shared\Ink\rtscom.dll
0x00007ff86a460000 - 0x00007ff86a4f8000 	C:\WINDOWS\System32\TextInputFramework.dll
0x00007ff86a170000 - 0x00007ff86a45e000 	C:\WINDOWS\System32\CoreUIComponents.dll
0x00007ff87f620000 - 0x00007ff87f6fc000 	C:\WINDOWS\System32\CoreMessaging.dll
0x00007ff881130000 - 0x00007ff881161000 	C:\WINDOWS\SYSTEM32\ntmarta.dll
0x00007ff87e310000 - 0x00007ff87e446000 	C:\WINDOWS\SYSTEM32\wintypes.dll
0x0000000062d40000 - 0x0000000062d63000 	C:\Program Files\Java\jre1.8.0_144\bin\javafx_iio.dll
0x0000000062bf0000 - 0x0000000062c01000 	C:\Program Files\Java\jre1.8.0_144\bin\prism_common.dll
0x0000000062fb0000 - 0x0000000062fca000 	C:\Program Files\Java\jre1.8.0_144\bin\net.dll
0x00007ff881800000 - 0x00007ff881866000 	C:\WINDOWS\system32\mswsock.dll
0x00007ff8815d0000 - 0x00007ff881686000 	C:\WINDOWS\SYSTEM32\DNSAPI.dll
0x00007ff885240000 - 0x00007ff885248000 	C:\WINDOWS\System32\NSI.dll
0x00007ff881590000 - 0x00007ff8815c9000 	C:\WINDOWS\SYSTEM32\IPHLPAPI.DLL
0x00007ff87b7d0000 - 0x00007ff87b7da000 	C:\Windows\System32\rasadhlp.dll
0x00007ff87bb50000 - 0x00007ff87bbc0000 	C:\WINDOWS\System32\fwpuclnt.dll
0x00007ff867100000 - 0x00007ff867151000 	C:\Users\user\.javacpp\cache\librealsense-windows-x86_64.jar\org\bytedeco\javacpp\windows-x86_64\concrt140.dll
0x00007ff854730000 - 0x00007ff8547cf000 	C:\WINDOWS\SYSTEM32\MSVCP140.dll
0x00007ff87c3c0000 - 0x00007ff87c3d6000 	C:\WINDOWS\SYSTEM32\VCRUNTIME140.dll
0x0000000062f90000 - 0x0000000062fa1000 	C:\Program Files\Java\jre1.8.0_144\bin\nio.dll
0x00007ff854690000 - 0x00007ff85472d000 	C:\Users\user\.javacpp\cache\librealsense-windows-x86_64.jar\org\bytedeco\javacpp\windows-x86_64\msvcp140.dll
0x00007ff866020000 - 0x00007ff866037000 	C:\Users\user\.javacpp\cache\librealsense-windows-x86_64.jar\org\bytedeco\javacpp\windows-x86_64\vcruntime140.dll
0x0000000021ee0000 - 0x0000000021ee3000 	C:\Users\user\.javacpp\cache\librealsense-windows-x86_64.jar\org\bytedeco\javacpp\windows-x86_64\api-ms-win-crt-locale-l1-1-0.dll
0x0000000021ef0000 - 0x0000000021ef4000 	C:\Users\user\.javacpp\cache\librealsense-windows-x86_64.jar\org\bytedeco\javacpp\windows-x86_64\api-ms-win-crt-string-l1-1-0.dll
0x0000000021f00000 - 0x0000000021f04000 	C:\Users\user\.javacpp\cache\librealsense-windows-x86_64.jar\org\bytedeco\javacpp\windows-x86_64\api-ms-win-crt-stdio-l1-1-0.dll
0x0000000021f10000 - 0x0000000021f15000 	C:\Users\user\.javacpp\cache\librealsense-windows-x86_64.jar\org\bytedeco\javacpp\windows-x86_64\api-ms-win-crt-math-l1-1-0.dll
0x0000000021f20000 - 0x0000000021f23000 	C:\Users\user\.javacpp\cache\librealsense-windows-x86_64.jar\org\bytedeco\javacpp\windows-x86_64\api-ms-win-crt-heap-l1-1-0.dll
0x0000000021f30000 - 0x0000000021f34000 	C:\Users\user\.javacpp\cache\librealsense-windows-x86_64.jar\org\bytedeco\javacpp\windows-x86_64\api-ms-win-crt-runtime-l1-1-0.dll
0x0000000021f40000 - 0x0000000021f44000 	C:\Users\user\.javacpp\cache\librealsense-windows-x86_64.jar\org\bytedeco\javacpp\windows-x86_64\api-ms-win-crt-convert-l1-1-0.dll
0x0000000021f50000 - 0x0000000021f53000 	C:\Users\user\.javacpp\cache\librealsense-windows-x86_64.jar\org\bytedeco\javacpp\windows-x86_64\api-ms-win-crt-environment-l1-1-0.dll
0x0000000021f60000 - 0x0000000021f63000 	C:\Users\user\.javacpp\cache\librealsense-windows-x86_64.jar\org\bytedeco\javacpp\windows-x86_64\api-ms-win-crt-time-l1-1-0.dll
0x0000000021f70000 - 0x0000000021f73000 	C:\Users\user\.javacpp\cache\librealsense-windows-x86_64.jar\org\bytedeco\javacpp\windows-x86_64\api-ms-win-crt-filesystem-l1-1-0.dll
0x0000000027e10000 - 0x0000000027e13000 	C:\Users\user\.javacpp\cache\librealsense-windows-x86_64.jar\org\bytedeco\javacpp\windows-x86_64\api-ms-win-crt-utility-l1-1-0.dll
0x0000000027e20000 - 0x0000000027e25000 	C:\Users\user\.javacpp\cache\librealsense-windows-x86_64.jar\org\bytedeco\javacpp\windows-x86_64\api-ms-win-crt-multibyte-l1-1-0.dll
0x00007ff84f570000 - 0x00007ff84f874000 	C:\Users\user\.javacpp\cache\opencv-windows-x86_64.jar\org\bytedeco\javacpp\windows-x86_64\opencv_core341.dll
0x00007ff84b3d0000 - 0x00007ff84b7d5000 	C:\Users\user\.javacpp\cache\opencv-windows-x86_64.jar\org\bytedeco\javacpp\windows-x86_64\opencv_imgproc341.dll
0x00007ff84d4b0000 - 0x00007ff84d83e000 	C:\Users\user\.javacpp\cache\opencv-windows-x86_64.jar\org\bytedeco\javacpp\windows-x86_64\jniopencv_core.dll
0x00007ff87f700000 - 0x00007ff87fcb8000 	C:\WINDOWS\SYSTEM32\d2d1.dll
0x00007ff882470000 - 0x00007ff88263e000 	C:\WINDOWS\System32\CRYPT32.dll
0x00007ff881ff0000 - 0x00007ff882002000 	C:\WINDOWS\System32\MSASN1.dll
0x00007ff854ad0000 - 0x00007ff85523c000 	C:\WINDOWS\SYSTEM32\D3D10Warp.dll
0x00007ff881f00000 - 0x00007ff881f29000 	C:\WINDOWS\SYSTEM32\USERENV.dll
0x00007ff854530000 - 0x00007ff854686000 	C:\Users\user\.javacpp\cache\opencv-windows-x86_64.jar\org\bytedeco\javacpp\windows-x86_64\jniopencv_imgproc.dll
0x00007ff84b100000 - 0x00007ff84b3cf000 	C:\Users\user\.javacpp\cache\opencv-windows-x86_64.jar\org\bytedeco\javacpp\windows-x86_64\opencv_imgcodecs341.dll
0x00007ff865be0000 - 0x00007ff865c14000 	C:\Users\user\.javacpp\cache\opencv-windows-x86_64.jar\org\bytedeco\javacpp\windows-x86_64\jniopencv_imgcodecs.dll
0x0000000066cc0000 - 0x000000006862e000 	C:\opencv\build\x64\vc14\bin\opencv_ffmpeg341_64.dll
0x00007ff87ab90000 - 0x00007ff87ab9c000 	C:\WINDOWS\SYSTEM32\Secur32.dll
0x00007ff881ed0000 - 0x00007ff881f00000 	C:\WINDOWS\SYSTEM32\SSPICLI.DLL
0x00007ff8655d0000 - 0x00007ff865621000 	C:\Users\user\.javacpp\cache\opencv-windows-x86_64.jar\org\bytedeco\javacpp\windows-x86_64\opencv_videoio341.dll
0x00007ff861b80000 - 0x00007ff861ba9000 	C:\WINDOWS\SYSTEM32\MSVFW32.dll
0x00007ff865bc0000 - 0x00007ff865bdf000 	C:\WINDOWS\SYSTEM32\AVIFIL32.dll
0x00007ff85fb40000 - 0x00007ff85fb58000 	C:\WINDOWS\SYSTEM32\AVICAP32.dll
0x00007ff8777e0000 - 0x00007ff8777fc000 	C:\WINDOWS\SYSTEM32\MSACM32.dll
0x00007ff85bf40000 - 0x00007ff85bf5f000 	C:\Users\user\.javacpp\cache\opencv-windows-x86_64.jar\org\bytedeco\javacpp\windows-x86_64\jniopencv_videoio.dll
0x00007ff85bf20000 - 0x00007ff85bf38000 	C:\Windows\System32\devenum.dll
0x00007ff881de0000 - 0x00007ff881e07000 	C:\WINDOWS\SYSTEM32\DEVOBJ.dll
0x00007ff882320000 - 0x00007ff882378000 	C:\WINDOWS\System32\WINTRUST.dll
0x00007ff87ed00000 - 0x00007ff87ed0a000 	C:\WINDOWS\SYSTEM32\msdmo.dll
0x00007ff85b190000 - 0x00007ff85b1c3000 	C:\Windows\System32\qcap.dll
0x00007ff853e20000 - 0x00007ff853fdc000 	C:\Windows\System32\quartz.dll
0x00007ff85b0c0000 - 0x00007ff85b10e000 	C:\Windows\System32\mfksproxy.dll
0x00007ff85bf00000 - 0x00007ff85bf1d000 	C:\Windows\System32\ATL.DLL
0x00007ff876630000 - 0x00007ff876666000 	C:\Windows\System32\MFSENSORGROUP.dll
0x00007ff867400000 - 0x00007ff8675b3000 	C:\Windows\System32\MFPlat.DLL
0x00007ff877850000 - 0x00007ff877881000 	C:\Windows\System32\RTWorkQ.DLL
0x00007ff874da0000 - 0x00007ff874da8000 	C:\WINDOWS\SYSTEM32\DCIMAN32.DLL
0x00007ff87d210000 - 0x00007ff87d27f000 	C:\WINDOWS\SYSTEM32\MMDevAPI.DLL

VM Arguments:
jvm_args: -Dfile.encoding=UTF-8 
java_command: application.Main
java_class_path (initial): C:\Users\user\Desktop\proga\programms\Java\OnlinePoker\Client\bin;C:\javacv-bin\artoolkitplus-windows-x86.jar;C:\javacv-bin\artoolkitplus-windows-x86_64.jar;C:\javacv-bin\ffmpeg-windows-x86.jar;C:\javacv-bin\ffmpeg-windows-x86_64.jar;C:\javacv-bin\flandmark-windows-x86.jar;C:\javacv-bin\flandmark-windows-x86_64.jar;C:\javacv-bin\flycapture-windows-x86.jar;C:\javacv-bin\flycapture-windows-x86_64.jar;C:\javacv-bin;C:\javacv-bin\javacpp.jar;C:\javacv-bin\opencv.jar;C:\javacv-bin\ffmpeg.jar;C:\javacv-bin\flycapture.jar;C:\javacv-bin\libdc1394.jar;C:\javacv-bin\libfreenect.jar;C:\javacv-bin\libfreenect2.jar;C:\javacv-bin\librealsense.jar;C:\javacv-bin\videoinput.jar;C:\javacv-bin\artoolkitplus.jar;C:\javacv-bin\flandmark.jar;C:\javacv-bin\javacv.jar;C:\javacv-bin\libdc1394-windows-x86.jar;C:\javacv-bin\libdc1394-windows-x86_64.jar;C:\javacv-bin\libfreenect-windows-x86.jar;C:\javacv-bin\libfreenect-windows-x86_64.jar;C:\javacv-bin\librealsense-windows-x86.jar;C:\javacv-bin\librealsense-windows-x86_64.jar;C:\javacv-bin\opencv-windows-x86.jar;C:\javacv-bin\opencv-windows-x86_64.jar;C:\javacv-bin\videoinput-windows-x86.jar;C:\javacv-bin\videoinput-windows-x86_64.jar
Launcher Type: SUN_STANDARD

Environment Variables:
JAVA_HOME=C:\Program Files\Java\jdk1.8.0_144
PATH=C:/Program Files/Java/jre1.8.0_144/bin/server;C:/Program Files/Java/jre1.8.0_144/bin;C:/Program Files/Java/jre1.8.0_144/lib/amd64;C:\ProgramData\Oracle\Java\javapath;C:\Program Files (x86)\Common Files\Intel\Shared Files\cpp\bin\Intel64;C:\Program Files (x86)\Lenovo\FusionEngine;C:\WINDOWS\system32;C:\WINDOWS;C:\WINDOWS\System32\Wbem;C:\WINDOWS\System32\WindowsPowerShell\v1.0\;C:\Program Files (x86)\ATI Technologies\ATI.ACE\Core-Static;c:\Program Files (x86)\Microsoft SQL Server\100\Tools\Binn\;c:\Program Files\Microsoft SQL Server\100\Tools\Binn\;c:\Program Files\Microsoft SQL Server\100\DTS\Binn\;C:\Program Files\Intel\WiFi\bin\;C:\Program Files\Common Files\Intel\WirelessCommon\;C:\Program Files (x86)\Visual Leak Detector\bin\Win32;C:\Program Files (x86)\Visual Leak Detector\bin\Win64;C:\Program Files (x86)\Skype\Phone\;C:\Program Files\Git\cmd;C:\opencv\build\x64\vc14\bin;C:\Users\user\AppData\Local\Microsoft\WindowsApps;;C:\Program Files\Java\eclipse;
USERNAME=user
OS=Windows_NT
PROCESSOR_IDENTIFIER=Intel64 Family 6 Model 61 Stepping 4, GenuineIntel



---------------  S Y S T E M  ---------------

OS: Windows 10.0 , 64 bit Build 16299 (10.0.16299.431)

CPU:total 4 (initial active 4) (2 cores per cpu, 2 threads per core) family 6 model 61 stepping 4, cmov, cx8, fxsr, mmx, sse, sse2, sse3, ssse3, sse4.1, sse4.2, popcnt, avx, avx2, aes, clmul, erms, 3dnowpref, lzcnt, ht, tsc, tscinvbit, bmi1, bmi2, adx

Memory: 4k page, physical 8300392k(3675696k free), swap 9611112k(3029168k free)

vm_info: Java HotSpot(TM) 64-Bit Server VM (25.144-b01) for windows-amd64 JRE (1.8.0_144-b01), built on Jul 21 2017 21:57:33 by "java_re" with MS VC++ 10.0 (VS2010)

time: Tue May 15 18:01:05 2018
elapsed time: 8 seconds (0d 0h 0m 8s)

